[
  {
    "id": "search-functionality",
    "tags": [
      {
        "name": "@search",
        "line": 1
      }
    ],
    "description": "",
    "name": "Search Functionality",
    "keyword": "Feature",
    "line": 2,
    "elements": [
      {
        "description": "",
        "name": "User should be on UniBet home page",
        "keyword": "Background",
        "line": 4,
        "steps": [
          {
            "result": {
              "duration": 53027267221,
              "status": "failed",
              "error_message": "org.springframework.beans.factory.BeanCreationException: Error creating bean with name \u0027webDriver\u0027 defined in class path resource [application-context.xml]: Instantiation of bean failed; nested exception is org.springframework.beans.factory.BeanDefinitionStoreException: Factory method [public java.lang.Object org.unibet.automation.core.WebDriverFactory.getObject() throws java.lang.Exception] threw exception; nested exception is org.openqa.selenium.WebDriverException: Failed to connect to binary FirefoxBinary(C:\\Program Files (x86)\\Mozilla Firefox\\firefox.exe) on port 7055; process output follows: \nva\\AppData\\Local\\Temp\\anonymous4277475039524856126webdriver-profile\\extensions\\fxdriver@googlecode.com\r\n1416186412263\taddons.xpi\tDEBUG\tIgnoring file entry whose name is not a valid add-on ID: C:\\Users\\shiva\\AppData\\Local\\Temp\\anonymous4277475039524856126webdriver-profile\\extensions\\webdriver-staging\r\n1416186412264\taddons.xpi\tDEBUG\tcheckForChanges\r\n1416186412331\taddons.xpi\tDEBUG\tNo changes found\r\n1416186412344\taddons.xpi\tDEBUG\tRegistering manifest for C:\\Program Files (x86)\\Mozilla Firefox\\browser\\extensions\\{82AF8DCA-6DE9-405D-BD5E-43525BDAD38A}.xpi\r\n1416186412345\taddons.xpi\tDEBUG\tLoading bootstrap scope from C:\\Program Files (x86)\\Mozilla Firefox\\browser\\extensions\\{82AF8DCA-6DE9-405D-BD5E-43525BDAD38A}.xpi\r\n1416186412364\taddons.xpi\tDEBUG\tCalling bootstrap method startup on {82AF8DCA-6DE9-405D-BD5E-43525BDAD38A} version 7.3.16540.9015\r\n1416186412498\taddons.manager\tDEBUG\tRegistering shutdown blocker for XPIProvider\r\n1416186412499\taddons.manager\tDEBUG\tRegistering shutdown blocker for LightweightThemeManager\r\n1416186412504\taddons.manager\tDEBUG\tRegistering shutdown blocker for OpenH264Provider\r\n1416186412505\taddons.manager\tDEBUG\tRegistering shutdown blocker for PluginProvider\r\n*** Blocklist::_preloadBlocklistFile: blocklist is disabled\r\n1416186416333\taddons.manager\tDEBUG\tRegistering shutdown blocker for \u003cunnamed-provider\u003e\r\nconsole.error: skype_ff_extension: \r\n  DEPRECATED: The widget module is deprecated.  Please consider using the sdk/ui module instead.\r\nTraceback (most recent call last):\r\n  File \"resource://gre/modules/commonjs/sdk/addon/runner.js\", line 115, in startup/\u003c\r\n    run(options);\r\n  File \"resource://gre/modules/commonjs/sdk/addon/runner.js\", line 172, in run\r\n    let program \u003d main(options.loader, options.main);\r\n  File \"resource://gre/modules/commonjs/toolkit/loader.js\", line 659, in main\r\n    return loader.load(loader, module).exports;\r\n  File \"resource://gre/modules/commonjs/sdk/loader/cuddlefish.js\", line 129, in CuddlefishLoader/options\u003c.load\r\n    result \u003d load(loader, module);\r\n  File \"resource://gre/modules/commonjs/toolkit/loader.js\", line 313, in load\r\n    evaluate(sandbox, module.uri);\r\n  File \"resource://gre/modules/commonjs/toolkit/loader.js\", line 262, in evaluate\r\n    : loadSubScript(uri, sandbox, encoding);\r\n  File \"resource://skype_ff_extension-at-jetpack/skype_ff_extension/lib/main.js\", line 14, in null\r\n    var widgets \u003d require(\"sdk/widget\");\r\n  File \"resource://gre/modules/commonjs/toolkit/loader.js\", line 633, in require\r\n    freeze(load(loader, module));\r\n  File \"resource://gre/modules/commonjs/sdk/loader/cuddlefish.js\", line 129, in CuddlefishLoader/options\u003c.load\r\n    result \u003d load(loader, module);\r\n  File \"resource://gre/modules/commonjs/toolkit/loader.js\", line 313, in load\r\n    evaluate(sandbox, module.uri);\r\n  File \"resource://gre/modules/commonjs/toolkit/loader.js\", line 262, in evaluate\r\n    : loadSubScript(uri, sandbox, encoding);\r\n  File \"resource://gre/modules/commonjs/sdk/widget.js\", line 59, in null\r\n    require(\"./util/deprecate\").deprecateUsage(\r\n  File \"resource://gre/modules/commonjs/sdk/util/deprecate.js\", line 18, in deprecateUsage\r\n    let stack \u003d get().slice(2);\r\nJavaScript error: resource://skype_ff_extension-at-jetpack/skype_ff_extension/data/c2c_options_menu_localization.js, line 189: document.getElementById(...) is null\r\n1416186423739\taddons.xpi\tDEBUG\tCalling bootstrap method shutdown on {82AF8DCA-6DE9-405D-BD5E-43525BDAD38A} version 7.3.16540.9015\r\n1416186424198\taddons.manager\tDEBUG\tshutdown\r\n1416186424199\taddons.manager\tDEBUG\tCalling shutdown blocker for XPIProvider\r\n1416186424199\taddons.xpi\tDEBUG\tshutdown\r\n1416186424200\taddons.xpi\tDEBUG\tNotifying XPI shutdown observers\r\n1416186424201\taddons.manager\tDEBUG\tCalling shutdown blocker for LightweightThemeManager\r\n1416186424202\taddons.manager\tDEBUG\tCalling shutdown blocker for OpenH264Provider\r\n1416186424204\taddons.manager\tDEBUG\tCalling shutdown blocker for PluginProvider\r\n1416186424205\taddons.manager\tDEBUG\tCalling shutdown blocker for \u003cunnamed-provider\u003e\r\n1416186424226\taddons.manager\tDEBUG\tAsync provider shutdown done\r\n\nBuild info: version: \u00272.41.0\u0027, revision: \u00273192d8a6c4449dc285928ba024779344f5423c58\u0027, time: \u00272014-03-27 11:29:39\u0027\nSystem info: host: \u0027shiva-PC\u0027, ip: \u0027192.168.0.3\u0027, os.name: \u0027Windows 7\u0027, os.arch: \u0027x86\u0027, os.version: \u00276.1\u0027, java.version: \u00271.6.0_24\u0027\nDriver info: driver.version: FirefoxDriver\r\n\tat org.springframework.beans.factory.support.ConstructorResolver.instantiateUsingFactoryMethod(ConstructorResolver.java:581)\r\n\tat org.springframework.beans.factory.support.AbstractAutowireCapableBeanFactory.instantiateUsingFactoryMethod(AbstractAutowireCapableBeanFactory.java:1015)\r\n\tat org.springframework.beans.factory.support.AbstractAutowireCapableBeanFactory.createBeanInstance(AbstractAutowireCapableBeanFactory.java:911)\r\n\tat org.springframework.beans.factory.support.AbstractAutowireCapableBeanFactory.doCreateBean(AbstractAutowireCapableBeanFactory.java:485)\r\n\tat org.springframework.beans.factory.support.AbstractAutowireCapableBeanFactory.createBean(AbstractAutowireCapableBeanFactory.java:456)\r\n\tat org.springframework.beans.factory.support.AbstractBeanFactory.doGetBean(AbstractBeanFactory.java:313)\r\n\tat org.springframework.beans.factory.support.AbstractBeanFactory.getBean(AbstractBeanFactory.java:193)\r\n\tat org.springframework.context.support.AbstractApplicationContext.getBean(AbstractApplicationContext.java:1093)\r\n\tat org.unibet.automation.tests.AbstractTest.getSeleniumDriver(AbstractTest.java:31)\r\n\tat org.unibet.automation.tests.SearchSteps.User_on_UniBet_Page(SearchSteps.java:21)\r\n\tat ?.Given User on UniBet Page(org\\unibet\\automation\\tests\\UniBetSearch.feature:5)\r\nCaused by: org.springframework.beans.factory.BeanDefinitionStoreException: Factory method [public java.lang.Object org.unibet.automation.core.WebDriverFactory.getObject() throws java.lang.Exception] threw exception; nested exception is org.openqa.selenium.WebDriverException: Failed to connect to binary FirefoxBinary(C:\\Program Files (x86)\\Mozilla Firefox\\firefox.exe) on port 7055; process output follows: \nva\\AppData\\Local\\Temp\\anonymous4277475039524856126webdriver-profile\\extensions\\fxdriver@googlecode.com\r\n1416186412263\taddons.xpi\tDEBUG\tIgnoring file entry whose name is not a valid add-on ID: C:\\Users\\shiva\\AppData\\Local\\Temp\\anonymous4277475039524856126webdriver-profile\\extensions\\webdriver-staging\r\n1416186412264\taddons.xpi\tDEBUG\tcheckForChanges\r\n1416186412331\taddons.xpi\tDEBUG\tNo changes found\r\n1416186412344\taddons.xpi\tDEBUG\tRegistering manifest for C:\\Program Files (x86)\\Mozilla Firefox\\browser\\extensions\\{82AF8DCA-6DE9-405D-BD5E-43525BDAD38A}.xpi\r\n1416186412345\taddons.xpi\tDEBUG\tLoading bootstrap scope from C:\\Program Files (x86)\\Mozilla Firefox\\browser\\extensions\\{82AF8DCA-6DE9-405D-BD5E-43525BDAD38A}.xpi\r\n1416186412364\taddons.xpi\tDEBUG\tCalling bootstrap method startup on {82AF8DCA-6DE9-405D-BD5E-43525BDAD38A} version 7.3.16540.9015\r\n1416186412498\taddons.manager\tDEBUG\tRegistering shutdown blocker for XPIProvider\r\n1416186412499\taddons.manager\tDEBUG\tRegistering shutdown blocker for LightweightThemeManager\r\n1416186412504\taddons.manager\tDEBUG\tRegistering shutdown blocker for OpenH264Provider\r\n1416186412505\taddons.manager\tDEBUG\tRegistering shutdown blocker for PluginProvider\r\n*** Blocklist::_preloadBlocklistFile: blocklist is disabled\r\n1416186416333\taddons.manager\tDEBUG\tRegistering shutdown blocker for \u003cunnamed-provider\u003e\r\nconsole.error: skype_ff_extension: \r\n  DEPRECATED: The widget module is deprecated.  Please consider using the sdk/ui module instead.\r\nTraceback (most recent call last):\r\n  File \"resource://gre/modules/commonjs/sdk/addon/runner.js\", line 115, in startup/\u003c\r\n    run(options);\r\n  File \"resource://gre/modules/commonjs/sdk/addon/runner.js\", line 172, in run\r\n    let program \u003d main(options.loader, options.main);\r\n  File \"resource://gre/modules/commonjs/toolkit/loader.js\", line 659, in main\r\n    return loader.load(loader, module).exports;\r\n  File \"resource://gre/modules/commonjs/sdk/loader/cuddlefish.js\", line 129, in CuddlefishLoader/options\u003c.load\r\n    result \u003d load(loader, module);\r\n  File \"resource://gre/modules/commonjs/toolkit/loader.js\", line 313, in load\r\n    evaluate(sandbox, module.uri);\r\n  File \"resource://gre/modules/commonjs/toolkit/loader.js\", line 262, in evaluate\r\n    : loadSubScript(uri, sandbox, encoding);\r\n  File \"resource://skype_ff_extension-at-jetpack/skype_ff_extension/lib/main.js\", line 14, in null\r\n    var widgets \u003d require(\"sdk/widget\");\r\n  File \"resource://gre/modules/commonjs/toolkit/loader.js\", line 633, in require\r\n    freeze(load(loader, module));\r\n  File \"resource://gre/modules/commonjs/sdk/loader/cuddlefish.js\", line 129, in CuddlefishLoader/options\u003c.load\r\n    result \u003d load(loader, module);\r\n  File \"resource://gre/modules/commonjs/toolkit/loader.js\", line 313, in load\r\n    evaluate(sandbox, module.uri);\r\n  File \"resource://gre/modules/commonjs/toolkit/loader.js\", line 262, in evaluate\r\n    : loadSubScript(uri, sandbox, encoding);\r\n  File \"resource://gre/modules/commonjs/sdk/widget.js\", line 59, in null\r\n    require(\"./util/deprecate\").deprecateUsage(\r\n  File \"resource://gre/modules/commonjs/sdk/util/deprecate.js\", line 18, in deprecateUsage\r\n    let stack \u003d get().slice(2);\r\nJavaScript error: resource://skype_ff_extension-at-jetpack/skype_ff_extension/data/c2c_options_menu_localization.js, line 189: document.getElementById(...) is null\r\n1416186423739\taddons.xpi\tDEBUG\tCalling bootstrap method shutdown on {82AF8DCA-6DE9-405D-BD5E-43525BDAD38A} version 7.3.16540.9015\r\n1416186424198\taddons.manager\tDEBUG\tshutdown\r\n1416186424199\taddons.manager\tDEBUG\tCalling shutdown blocker for XPIProvider\r\n1416186424199\taddons.xpi\tDEBUG\tshutdown\r\n1416186424200\taddons.xpi\tDEBUG\tNotifying XPI shutdown observers\r\n1416186424201\taddons.manager\tDEBUG\tCalling shutdown blocker for LightweightThemeManager\r\n1416186424202\taddons.manager\tDEBUG\tCalling shutdown blocker for OpenH264Provider\r\n1416186424204\taddons.manager\tDEBUG\tCalling shutdown blocker for PluginProvider\r\n1416186424205\taddons.manager\tDEBUG\tCalling shutdown blocker for \u003cunnamed-provider\u003e\r\n1416186424226\taddons.manager\tDEBUG\tAsync provider shutdown done\r\n\nBuild info: version: \u00272.41.0\u0027, revision: \u00273192d8a6c4449dc285928ba024779344f5423c58\u0027, time: \u00272014-03-27 11:29:39\u0027\nSystem info: host: \u0027shiva-PC\u0027, ip: \u0027192.168.0.3\u0027, os.name: \u0027Windows 7\u0027, os.arch: \u0027x86\u0027, os.version: \u00276.1\u0027, java.version: \u00271.6.0_24\u0027\nDriver info: driver.version: FirefoxDriver\r\n\tat org.springframework.beans.factory.support.SimpleInstantiationStrategy.instantiate(SimpleInstantiationStrategy.java:169)\r\n\tat org.springframework.beans.factory.support.ConstructorResolver.instantiateUsingFactoryMethod(ConstructorResolver.java:570)\r\n\tat org.springframework.beans.factory.support.AbstractAutowireCapableBeanFactory.instantiateUsingFactoryMethod(AbstractAutowireCapableBeanFactory.java:1015)\r\n\tat org.springframework.beans.factory.support.AbstractAutowireCapableBeanFactory.createBeanInstance(AbstractAutowireCapableBeanFactory.java:911)\r\n\tat org.springframework.beans.factory.support.AbstractAutowireCapableBeanFactory.doCreateBean(AbstractAutowireCapableBeanFactory.java:485)\r\n\tat org.springframework.beans.factory.support.AbstractAutowireCapableBeanFactory.createBean(AbstractAutowireCapableBeanFactory.java:456)\r\n\tat org.springframework.beans.factory.support.AbstractBeanFactory.doGetBean(AbstractBeanFactory.java:313)\r\n\tat org.springframework.beans.factory.support.AbstractBeanFactory.getBean(AbstractBeanFactory.java:193)\r\n\tat org.springframework.context.support.AbstractApplicationContext.getBean(AbstractApplicationContext.java:1093)\r\n\tat org.unibet.automation.tests.AbstractTest.getSeleniumDriver(AbstractTest.java:31)\r\n\tat org.unibet.automation.tests.SearchSteps.User_on_UniBet_Page(SearchSteps.java:21)\r\n\tat sun.reflect.NativeMethodAccessorImpl.invoke0(Native Method)\r\n\tat sun.reflect.NativeMethodAccessorImpl.invoke(NativeMethodAccessorImpl.java:39)\r\n\tat sun.reflect.DelegatingMethodAccessorImpl.invoke(DelegatingMethodAccessorImpl.java:25)\r\n\tat java.lang.reflect.Method.invoke(Method.java:597)\r\n\tat cucumber.runtime.Utils$1.call(Utils.java:40)\r\n\tat cucumber.runtime.Timeout.timeout(Timeout.java:12)\r\n\tat cucumber.runtime.Utils.invoke(Utils.java:36)\r\n\tat cucumber.runtime.java.JavaStepDefinition.execute(JavaStepDefinition.java:35)\r\n\tat cucumber.runtime.StepDefinitionMatch.runStep(StepDefinitionMatch.java:38)\r\n\tat cucumber.runtime.Runtime.runStep(Runtime.java:267)\r\n\tat cucumber.runtime.model.StepContainer.runStep(StepContainer.java:44)\r\n\tat cucumber.runtime.model.StepContainer.runSteps(StepContainer.java:39)\r\n\tat cucumber.runtime.model.CucumberScenario.runBackground(CucumberScenario.java:45)\r\n\tat cucumber.runtime.model.CucumberScenario.run(CucumberScenario.java:34)\r\n\tat cucumber.junit.ExecutionUnitRunner.run(ExecutionUnitRunner.java:76)\r\n\tat org.junit.runners.Suite.runChild(Suite.java:128)\r\n\tat org.junit.runners.Suite.runChild(Suite.java:24)\r\n\tat org.junit.runners.ParentRunner$3.run(ParentRunner.java:231)\r\n\tat org.junit.runners.ParentRunner$1.schedule(ParentRunner.java:60)\r\n\tat org.junit.runners.ParentRunner.runChildren(ParentRunner.java:229)\r\n\tat org.junit.runners.ParentRunner.access$000(ParentRunner.java:50)\r\n\tat org.junit.runners.ParentRunner$2.evaluate(ParentRunner.java:222)\r\n\tat org.junit.runners.ParentRunner.run(ParentRunner.java:300)\r\n\tat org.junit.runners.Suite.runChild(Suite.java:128)\r\n\tat org.junit.runners.Suite.runChild(Suite.java:24)\r\n\tat org.junit.runners.ParentRunner$3.run(ParentRunner.java:231)\r\n\tat org.junit.runners.ParentRunner$1.schedule(ParentRunner.java:60)\r\n\tat org.junit.runners.ParentRunner.runChildren(ParentRunner.java:229)\r\n\tat org.junit.runners.ParentRunner.access$000(ParentRunner.java:50)\r\n\tat org.junit.runners.ParentRunner$2.evaluate(ParentRunner.java:222)\r\n\tat org.junit.runners.ParentRunner.run(ParentRunner.java:300)\r\n\tat cucumber.junit.FeatureRunner.runChild(FeatureRunner.java:65)\r\n\tat cucumber.junit.FeatureRunner.runChild(FeatureRunner.java:20)\r\n\tat org.junit.runners.ParentRunner$3.run(ParentRunner.java:231)\r\n\tat org.junit.runners.ParentRunner$1.schedule(ParentRunner.java:60)\r\n\tat org.junit.runners.ParentRunner.runChildren(ParentRunner.java:229)\r\n\tat org.junit.runners.ParentRunner.access$000(ParentRunner.java:50)\r\n\tat org.junit.runners.ParentRunner$2.evaluate(ParentRunner.java:222)\r\n\tat org.junit.runners.ParentRunner.run(ParentRunner.java:300)\r\n\tat cucumber.junit.FeatureRunner.run(FeatureRunner.java:72)\r\n\tat cucumber.junit.Cucumber.runChild(Cucumber.java:76)\r\n\tat cucumber.junit.Cucumber.runChild(Cucumber.java:36)\r\n\tat org.junit.runners.ParentRunner$3.run(ParentRunner.java:231)\r\n\tat org.junit.runners.ParentRunner$1.schedule(ParentRunner.java:60)\r\n\tat org.junit.runners.ParentRunner.runChildren(ParentRunner.java:229)\r\n\tat org.junit.runners.ParentRunner.access$000(ParentRunner.java:50)\r\n\tat org.junit.runners.ParentRunner$2.evaluate(ParentRunner.java:222)\r\n\tat org.junit.runners.ParentRunner.run(ParentRunner.java:300)\r\n\tat cucumber.junit.Cucumber.run(Cucumber.java:81)\r\n\tat org.apache.maven.surefire.junit4.JUnit4TestSet.execute(JUnit4TestSet.java:59)\r\n\tat org.apache.maven.surefire.suite.AbstractDirectoryTestSuite.executeTestSet(AbstractDirectoryTestSuite.java:115)\r\n\tat org.apache.maven.surefire.suite.AbstractDirectoryTestSuite.execute(AbstractDirectoryTestSuite.java:102)\r\n\tat org.apache.maven.surefire.Surefire.run(Surefire.java:180)\r\n\tat sun.reflect.NativeMethodAccessorImpl.invoke0(Native Method)\r\n\tat sun.reflect.NativeMethodAccessorImpl.invoke(NativeMethodAccessorImpl.java:39)\r\n\tat sun.reflect.DelegatingMethodAccessorImpl.invoke(DelegatingMethodAccessorImpl.java:25)\r\n\tat java.lang.reflect.Method.invoke(Method.java:597)\r\n\tat org.apache.maven.surefire.booter.SurefireBooter.runSuitesInProcess(SurefireBooter.java:350)\r\n\tat org.apache.maven.surefire.booter.SurefireBooter.main(SurefireBooter.java:1021)\r\nCaused by: org.openqa.selenium.WebDriverException: Failed to connect to binary FirefoxBinary(C:\\Program Files (x86)\\Mozilla Firefox\\firefox.exe) on port 7055; process output follows: \nva\\AppData\\Local\\Temp\\anonymous4277475039524856126webdriver-profile\\extensions\\fxdriver@googlecode.com\r\n1416186412263\taddons.xpi\tDEBUG\tIgnoring file entry whose name is not a valid add-on ID: C:\\Users\\shiva\\AppData\\Local\\Temp\\anonymous4277475039524856126webdriver-profile\\extensions\\webdriver-staging\r\n1416186412264\taddons.xpi\tDEBUG\tcheckForChanges\r\n1416186412331\taddons.xpi\tDEBUG\tNo changes found\r\n1416186412344\taddons.xpi\tDEBUG\tRegistering manifest for C:\\Program Files (x86)\\Mozilla Firefox\\browser\\extensions\\{82AF8DCA-6DE9-405D-BD5E-43525BDAD38A}.xpi\r\n1416186412345\taddons.xpi\tDEBUG\tLoading bootstrap scope from C:\\Program Files (x86)\\Mozilla Firefox\\browser\\extensions\\{82AF8DCA-6DE9-405D-BD5E-43525BDAD38A}.xpi\r\n1416186412364\taddons.xpi\tDEBUG\tCalling bootstrap method startup on {82AF8DCA-6DE9-405D-BD5E-43525BDAD38A} version 7.3.16540.9015\r\n1416186412498\taddons.manager\tDEBUG\tRegistering shutdown blocker for XPIProvider\r\n1416186412499\taddons.manager\tDEBUG\tRegistering shutdown blocker for LightweightThemeManager\r\n1416186412504\taddons.manager\tDEBUG\tRegistering shutdown blocker for OpenH264Provider\r\n1416186412505\taddons.manager\tDEBUG\tRegistering shutdown blocker for PluginProvider\r\n*** Blocklist::_preloadBlocklistFile: blocklist is disabled\r\n1416186416333\taddons.manager\tDEBUG\tRegistering shutdown blocker for \u003cunnamed-provider\u003e\r\nconsole.error: skype_ff_extension: \r\n  DEPRECATED: The widget module is deprecated.  Please consider using the sdk/ui module instead.\r\nTraceback (most recent call last):\r\n  File \"resource://gre/modules/commonjs/sdk/addon/runner.js\", line 115, in startup/\u003c\r\n    run(options);\r\n  File \"resource://gre/modules/commonjs/sdk/addon/runner.js\", line 172, in run\r\n    let program \u003d main(options.loader, options.main);\r\n  File \"resource://gre/modules/commonjs/toolkit/loader.js\", line 659, in main\r\n    return loader.load(loader, module).exports;\r\n  File \"resource://gre/modules/commonjs/sdk/loader/cuddlefish.js\", line 129, in CuddlefishLoader/options\u003c.load\r\n    result \u003d load(loader, module);\r\n  File \"resource://gre/modules/commonjs/toolkit/loader.js\", line 313, in load\r\n    evaluate(sandbox, module.uri);\r\n  File \"resource://gre/modules/commonjs/toolkit/loader.js\", line 262, in evaluate\r\n    : loadSubScript(uri, sandbox, encoding);\r\n  File \"resource://skype_ff_extension-at-jetpack/skype_ff_extension/lib/main.js\", line 14, in null\r\n    var widgets \u003d require(\"sdk/widget\");\r\n  File \"resource://gre/modules/commonjs/toolkit/loader.js\", line 633, in require\r\n    freeze(load(loader, module));\r\n  File \"resource://gre/modules/commonjs/sdk/loader/cuddlefish.js\", line 129, in CuddlefishLoader/options\u003c.load\r\n    result \u003d load(loader, module);\r\n  File \"resource://gre/modules/commonjs/toolkit/loader.js\", line 313, in load\r\n    evaluate(sandbox, module.uri);\r\n  File \"resource://gre/modules/commonjs/toolkit/loader.js\", line 262, in evaluate\r\n    : loadSubScript(uri, sandbox, encoding);\r\n  File \"resource://gre/modules/commonjs/sdk/widget.js\", line 59, in null\r\n    require(\"./util/deprecate\").deprecateUsage(\r\n  File \"resource://gre/modules/commonjs/sdk/util/deprecate.js\", line 18, in deprecateUsage\r\n    let stack \u003d get().slice(2);\r\nJavaScript error: resource://skype_ff_extension-at-jetpack/skype_ff_extension/data/c2c_options_menu_localization.js, line 189: document.getElementById(...) is null\r\n1416186423739\taddons.xpi\tDEBUG\tCalling bootstrap method shutdown on {82AF8DCA-6DE9-405D-BD5E-43525BDAD38A} version 7.3.16540.9015\r\n1416186424198\taddons.manager\tDEBUG\tshutdown\r\n1416186424199\taddons.manager\tDEBUG\tCalling shutdown blocker for XPIProvider\r\n1416186424199\taddons.xpi\tDEBUG\tshutdown\r\n1416186424200\taddons.xpi\tDEBUG\tNotifying XPI shutdown observers\r\n1416186424201\taddons.manager\tDEBUG\tCalling shutdown blocker for LightweightThemeManager\r\n1416186424202\taddons.manager\tDEBUG\tCalling shutdown blocker for OpenH264Provider\r\n1416186424204\taddons.manager\tDEBUG\tCalling shutdown blocker for PluginProvider\r\n1416186424205\taddons.manager\tDEBUG\tCalling shutdown blocker for \u003cunnamed-provider\u003e\r\n1416186424226\taddons.manager\tDEBUG\tAsync provider shutdown done\r\n\nBuild info: version: \u00272.41.0\u0027, revision: \u00273192d8a6c4449dc285928ba024779344f5423c58\u0027, time: \u00272014-03-27 11:29:39\u0027\nSystem info: host: \u0027shiva-PC\u0027, ip: \u0027192.168.0.3\u0027, os.name: \u0027Windows 7\u0027, os.arch: \u0027x86\u0027, os.version: \u00276.1\u0027, java.version: \u00271.6.0_24\u0027\nDriver info: driver.version: FirefoxDriver\r\n\tat org.openqa.selenium.firefox.internal.NewProfileExtensionConnection.start(NewProfileExtensionConnection.java:130)\r\n\tat org.openqa.selenium.firefox.FirefoxDriver.startClient(FirefoxDriver.java:246)\r\n\tat org.openqa.selenium.remote.RemoteWebDriver.\u003cinit\u003e(RemoteWebDriver.java:114)\r\n\tat org.openqa.selenium.firefox.FirefoxDriver.\u003cinit\u003e(FirefoxDriver.java:191)\r\n\tat org.openqa.selenium.firefox.FirefoxDriver.\u003cinit\u003e(FirefoxDriver.java:186)\r\n\tat org.openqa.selenium.firefox.FirefoxDriver.\u003cinit\u003e(FirefoxDriver.java:182)\r\n\tat org.openqa.selenium.firefox.FirefoxDriver.\u003cinit\u003e(FirefoxDriver.java:95)\r\n\tat org.unibet.automation.core.WebDriverFactory.getDriverInstance(WebDriverFactory.java:55)\r\n\tat org.unibet.automation.core.WebDriverFactory.getObject(WebDriverFactory.java:42)\r\n\tat org.unibet.automation.core.WebDriverFactory.getObject(WebDriverFactory.java:10)\r\n\tat sun.reflect.NativeMethodAccessorImpl.invoke0(Native Method)\r\n\tat sun.reflect.NativeMethodAccessorImpl.invoke(NativeMethodAccessorImpl.java:39)\r\n\tat sun.reflect.DelegatingMethodAccessorImpl.invoke(DelegatingMethodAccessorImpl.java:25)\r\n\tat java.lang.reflect.Method.invoke(Method.java:597)\r\n\tat org.springframework.beans.factory.support.SimpleInstantiationStrategy.instantiate(SimpleInstantiationStrategy.java:149)\r\n\t... 69 more\r\nCaused by: org.openqa.selenium.firefox.NotConnectedException: Unable to connect to host 127.0.0.1 on port 7055 after 45000 ms. Firefox console output:\nva\\AppData\\Local\\Temp\\anonymous4277475039524856126webdriver-profile\\extensions\\fxdriver@googlecode.com\r\n1416186412263\taddons.xpi\tDEBUG\tIgnoring file entry whose name is not a valid add-on ID: C:\\Users\\shiva\\AppData\\Local\\Temp\\anonymous4277475039524856126webdriver-profile\\extensions\\webdriver-staging\r\n1416186412264\taddons.xpi\tDEBUG\tcheckForChanges\r\n1416186412331\taddons.xpi\tDEBUG\tNo changes found\r\n1416186412344\taddons.xpi\tDEBUG\tRegistering manifest for C:\\Program Files (x86)\\Mozilla Firefox\\browser\\extensions\\{82AF8DCA-6DE9-405D-BD5E-43525BDAD38A}.xpi\r\n1416186412345\taddons.xpi\tDEBUG\tLoading bootstrap scope from C:\\Program Files (x86)\\Mozilla Firefox\\browser\\extensions\\{82AF8DCA-6DE9-405D-BD5E-43525BDAD38A}.xpi\r\n1416186412364\taddons.xpi\tDEBUG\tCalling bootstrap method startup on {82AF8DCA-6DE9-405D-BD5E-43525BDAD38A} version 7.3.16540.9015\r\n1416186412498\taddons.manager\tDEBUG\tRegistering shutdown blocker for XPIProvider\r\n1416186412499\taddons.manager\tDEBUG\tRegistering shutdown blocker for LightweightThemeManager\r\n1416186412504\taddons.manager\tDEBUG\tRegistering shutdown blocker for OpenH264Provider\r\n1416186412505\taddons.manager\tDEBUG\tRegistering shutdown blocker for PluginProvider\r\n*** Blocklist::_preloadBlocklistFile: blocklist is disabled\r\n1416186416333\taddons.manager\tDEBUG\tRegistering shutdown blocker for \u003cunnamed-provider\u003e\r\nconsole.error: skype_ff_extension: \r\n  DEPRECATED: The widget module is deprecated.  Please consider using the sdk/ui module instead.\r\nTraceback (most recent call last):\r\n  File \"resource://gre/modules/commonjs/sdk/addon/runner.js\", line 115, in startup/\u003c\r\n    run(options);\r\n  File \"resource://gre/modules/commonjs/sdk/addon/runner.js\", line 172, in run\r\n    let program \u003d main(options.loader, options.main);\r\n  File \"resource://gre/modules/commonjs/toolkit/loader.js\", line 659, in main\r\n    return loader.load(loader, module).exports;\r\n  File \"resource://gre/modules/commonjs/sdk/loader/cuddlefish.js\", line 129, in CuddlefishLoader/options\u003c.load\r\n    result \u003d load(loader, module);\r\n  File \"resource://gre/modules/commonjs/toolkit/loader.js\", line 313, in load\r\n    evaluate(sandbox, module.uri);\r\n  File \"resource://gre/modules/commonjs/toolkit/loader.js\", line 262, in evaluate\r\n    : loadSubScript(uri, sandbox, encoding);\r\n  File \"resource://skype_ff_extension-at-jetpack/skype_ff_extension/lib/main.js\", line 14, in null\r\n    var widgets \u003d require(\"sdk/widget\");\r\n  File \"resource://gre/modules/commonjs/toolkit/loader.js\", line 633, in require\r\n    freeze(load(loader, module));\r\n  File \"resource://gre/modules/commonjs/sdk/loader/cuddlefish.js\", line 129, in CuddlefishLoader/options\u003c.load\r\n    result \u003d load(loader, module);\r\n  File \"resource://gre/modules/commonjs/toolkit/loader.js\", line 313, in load\r\n    evaluate(sandbox, module.uri);\r\n  File \"resource://gre/modules/commonjs/toolkit/loader.js\", line 262, in evaluate\r\n    : loadSubScript(uri, sandbox, encoding);\r\n  File \"resource://gre/modules/commonjs/sdk/widget.js\", line 59, in null\r\n    require(\"./util/deprecate\").deprecateUsage(\r\n  File \"resource://gre/modules/commonjs/sdk/util/deprecate.js\", line 18, in deprecateUsage\r\n    let stack \u003d get().slice(2);\r\nJavaScript error: resource://skype_ff_extension-at-jetpack/skype_ff_extension/data/c2c_options_menu_localization.js, line 189: document.getElementById(...) is null\r\n1416186423739\taddons.xpi\tDEBUG\tCalling bootstrap method shutdown on {82AF8DCA-6DE9-405D-BD5E-43525BDAD38A} version 7.3.16540.9015\r\n1416186424198\taddons.manager\tDEBUG\tshutdown\r\n1416186424199\taddons.manager\tDEBUG\tCalling shutdown blocker for XPIProvider\r\n1416186424199\taddons.xpi\tDEBUG\tshutdown\r\n1416186424200\taddons.xpi\tDEBUG\tNotifying XPI shutdown observers\r\n1416186424201\taddons.manager\tDEBUG\tCalling shutdown blocker for LightweightThemeManager\r\n1416186424202\taddons.manager\tDEBUG\tCalling shutdown blocker for OpenH264Provider\r\n1416186424204\taddons.manager\tDEBUG\tCalling shutdown blocker for PluginProvider\r\n1416186424205\taddons.manager\tDEBUG\tCalling shutdown blocker for \u003cunnamed-provider\u003e\r\n1416186424226\taddons.manager\tDEBUG\tAsync provider shutdown done\r\n\r\n\tat org.openqa.selenium.firefox.internal.NewProfileExtensionConnection.start(NewProfileExtensionConnection.java:118)\r\n\t... 83 more\r\n"
            },
            "name": "User on UniBet Page",
            "keyword": "Given ",
            "line": 5,
            "match": {
              "location": "SearchSteps.User_on_UniBet_Page()"
            }
          }
        ],
        "type": "background"
      },
      {
        "id": "search-functionality;advanced-search-in-unibet;;2",
        "tags": [
          {
            "name": "@search",
            "line": 1
          }
        ],
        "description": "",
        "name": "Advanced Search in UniBet",
        "keyword": "Scenario Outline",
        "line": 12,
        "steps": [
          {
            "name": "Search with \"Unibet\" term",
            "keyword": "When ",
            "line": 8,
            "matchedColumns": [
              0
            ]
          },
          {
            "result": {
              "status": "skipped"
            },
            "name": "List of Results will be displayed",
            "keyword": "Then ",
            "line": 9,
            "match": {
              "location": "SearchSteps.List_of_Results_will_be_displayed()"
            }
          }
        ],
        "type": "scenario"
      },
      {
        "description": "",
        "name": "User should be on UniBet home page",
        "keyword": "Background",
        "line": 4,
        "steps": [
          {
            "result": {
              "duration": 51527104003,
              "status": "failed",
              "error_message": "org.springframework.beans.factory.BeanCreationException: Error creating bean with name \u0027webDriver\u0027 defined in class path resource [application-context.xml]: Instantiation of bean failed; nested exception is org.springframework.beans.factory.BeanDefinitionStoreException: Factory method [public java.lang.Object org.unibet.automation.core.WebDriverFactory.getObject() throws java.lang.Exception] threw exception; nested exception is org.openqa.selenium.WebDriverException: Failed to connect to binary FirefoxBinary(C:\\Program Files (x86)\\Mozilla Firefox\\firefox.exe) on port 7055; process output follows: \nva\\AppData\\Local\\Temp\\anonymous4338573993876163836webdriver-profile\\extensions\\fxdriver@googlecode.com\r\n1416186464285\taddons.xpi\tDEBUG\tIgnoring file entry whose name is not a valid add-on ID: C:\\Users\\shiva\\AppData\\Local\\Temp\\anonymous4338573993876163836webdriver-profile\\extensions\\webdriver-staging\r\n1416186464286\taddons.xpi\tDEBUG\tcheckForChanges\r\n1416186464348\taddons.xpi\tDEBUG\tNo changes found\r\n1416186464361\taddons.xpi\tDEBUG\tRegistering manifest for C:\\Program Files (x86)\\Mozilla Firefox\\browser\\extensions\\{82AF8DCA-6DE9-405D-BD5E-43525BDAD38A}.xpi\r\n1416186464362\taddons.xpi\tDEBUG\tLoading bootstrap scope from C:\\Program Files (x86)\\Mozilla Firefox\\browser\\extensions\\{82AF8DCA-6DE9-405D-BD5E-43525BDAD38A}.xpi\r\n1416186464380\taddons.xpi\tDEBUG\tCalling bootstrap method startup on {82AF8DCA-6DE9-405D-BD5E-43525BDAD38A} version 7.3.16540.9015\r\n1416186464513\taddons.manager\tDEBUG\tRegistering shutdown blocker for XPIProvider\r\n1416186464515\taddons.manager\tDEBUG\tRegistering shutdown blocker for LightweightThemeManager\r\n1416186464519\taddons.manager\tDEBUG\tRegistering shutdown blocker for OpenH264Provider\r\n1416186464520\taddons.manager\tDEBUG\tRegistering shutdown blocker for PluginProvider\r\n*** Blocklist::_preloadBlocklistFile: blocklist is disabled\r\n1416186468944\taddons.manager\tDEBUG\tRegistering shutdown blocker for \u003cunnamed-provider\u003e\r\nconsole.error: skype_ff_extension: \r\n  DEPRECATED: The widget module is deprecated.  Please consider using the sdk/ui module instead.\r\nTraceback (most recent call last):\r\n  File \"resource://gre/modules/commonjs/sdk/addon/runner.js\", line 115, in startup/\u003c\r\n    run(options);\r\n  File \"resource://gre/modules/commonjs/sdk/addon/runner.js\", line 172, in run\r\n    let program \u003d main(options.loader, options.main);\r\n  File \"resource://gre/modules/commonjs/toolkit/loader.js\", line 659, in main\r\n    return loader.load(loader, module).exports;\r\n  File \"resource://gre/modules/commonjs/sdk/loader/cuddlefish.js\", line 129, in CuddlefishLoader/options\u003c.load\r\n    result \u003d load(loader, module);\r\n  File \"resource://gre/modules/commonjs/toolkit/loader.js\", line 313, in load\r\n    evaluate(sandbox, module.uri);\r\n  File \"resource://gre/modules/commonjs/toolkit/loader.js\", line 262, in evaluate\r\n    : loadSubScript(uri, sandbox, encoding);\r\n  File \"resource://skype_ff_extension-at-jetpack/skype_ff_extension/lib/main.js\", line 14, in null\r\n    var widgets \u003d require(\"sdk/widget\");\r\n  File \"resource://gre/modules/commonjs/toolkit/loader.js\", line 633, in require\r\n    freeze(load(loader, module));\r\n  File \"resource://gre/modules/commonjs/sdk/loader/cuddlefish.js\", line 129, in CuddlefishLoader/options\u003c.load\r\n    result \u003d load(loader, module);\r\n  File \"resource://gre/modules/commonjs/toolkit/loader.js\", line 313, in load\r\n    evaluate(sandbox, module.uri);\r\n  File \"resource://gre/modules/commonjs/toolkit/loader.js\", line 262, in evaluate\r\n    : loadSubScript(uri, sandbox, encoding);\r\n  File \"resource://gre/modules/commonjs/sdk/widget.js\", line 59, in null\r\n    require(\"./util/deprecate\").deprecateUsage(\r\n  File \"resource://gre/modules/commonjs/sdk/util/deprecate.js\", line 18, in deprecateUsage\r\n    let stack \u003d get().slice(2);\r\nJavaScript error: resource://skype_ff_extension-at-jetpack/skype_ff_extension/data/c2c_options_menu_localization.js, line 189: document.getElementById(...) is null\r\n1416186475289\taddons.xpi\tDEBUG\tCalling bootstrap method shutdown on {82AF8DCA-6DE9-405D-BD5E-43525BDAD38A} version 7.3.16540.9015\r\n1416186475874\taddons.manager\tDEBUG\tshutdown\r\n1416186475876\taddons.manager\tDEBUG\tCalling shutdown blocker for XPIProvider\r\n1416186475877\taddons.xpi\tDEBUG\tshutdown\r\n1416186475878\taddons.xpi\tDEBUG\tNotifying XPI shutdown observers\r\n1416186475879\taddons.manager\tDEBUG\tCalling shutdown blocker for LightweightThemeManager\r\n1416186475881\taddons.manager\tDEBUG\tCalling shutdown blocker for OpenH264Provider\r\n1416186475884\taddons.manager\tDEBUG\tCalling shutdown blocker for PluginProvider\r\n1416186475886\taddons.manager\tDEBUG\tCalling shutdown blocker for \u003cunnamed-provider\u003e\r\n1416186475913\taddons.manager\tDEBUG\tAsync provider shutdown done\r\n\nBuild info: version: \u00272.41.0\u0027, revision: \u00273192d8a6c4449dc285928ba024779344f5423c58\u0027, time: \u00272014-03-27 11:29:39\u0027\nSystem info: host: \u0027shiva-PC\u0027, ip: \u0027192.168.0.3\u0027, os.name: \u0027Windows 7\u0027, os.arch: \u0027x86\u0027, os.version: \u00276.1\u0027, java.version: \u00271.6.0_24\u0027\nDriver info: driver.version: FirefoxDriver\r\n\tat org.springframework.beans.factory.support.ConstructorResolver.instantiateUsingFactoryMethod(ConstructorResolver.java:581)\r\n\tat org.springframework.beans.factory.support.AbstractAutowireCapableBeanFactory.instantiateUsingFactoryMethod(AbstractAutowireCapableBeanFactory.java:1015)\r\n\tat org.springframework.beans.factory.support.AbstractAutowireCapableBeanFactory.createBeanInstance(AbstractAutowireCapableBeanFactory.java:911)\r\n\tat org.springframework.beans.factory.support.AbstractAutowireCapableBeanFactory.doCreateBean(AbstractAutowireCapableBeanFactory.java:485)\r\n\tat org.springframework.beans.factory.support.AbstractAutowireCapableBeanFactory.createBean(AbstractAutowireCapableBeanFactory.java:456)\r\n\tat org.springframework.beans.factory.support.AbstractBeanFactory.doGetBean(AbstractBeanFactory.java:313)\r\n\tat org.springframework.beans.factory.support.AbstractBeanFactory.getBean(AbstractBeanFactory.java:193)\r\n\tat org.springframework.context.support.AbstractApplicationContext.getBean(AbstractApplicationContext.java:1093)\r\n\tat org.unibet.automation.tests.AbstractTest.getSeleniumDriver(AbstractTest.java:31)\r\n\tat org.unibet.automation.tests.SearchSteps.User_on_UniBet_Page(SearchSteps.java:21)\r\n\tat ?.Given User on UniBet Page(org\\unibet\\automation\\tests\\UniBetSearch.feature:5)\r\nCaused by: org.springframework.beans.factory.BeanDefinitionStoreException: Factory method [public java.lang.Object org.unibet.automation.core.WebDriverFactory.getObject() throws java.lang.Exception] threw exception; nested exception is org.openqa.selenium.WebDriverException: Failed to connect to binary FirefoxBinary(C:\\Program Files (x86)\\Mozilla Firefox\\firefox.exe) on port 7055; process output follows: \nva\\AppData\\Local\\Temp\\anonymous4338573993876163836webdriver-profile\\extensions\\fxdriver@googlecode.com\r\n1416186464285\taddons.xpi\tDEBUG\tIgnoring file entry whose name is not a valid add-on ID: C:\\Users\\shiva\\AppData\\Local\\Temp\\anonymous4338573993876163836webdriver-profile\\extensions\\webdriver-staging\r\n1416186464286\taddons.xpi\tDEBUG\tcheckForChanges\r\n1416186464348\taddons.xpi\tDEBUG\tNo changes found\r\n1416186464361\taddons.xpi\tDEBUG\tRegistering manifest for C:\\Program Files (x86)\\Mozilla Firefox\\browser\\extensions\\{82AF8DCA-6DE9-405D-BD5E-43525BDAD38A}.xpi\r\n1416186464362\taddons.xpi\tDEBUG\tLoading bootstrap scope from C:\\Program Files (x86)\\Mozilla Firefox\\browser\\extensions\\{82AF8DCA-6DE9-405D-BD5E-43525BDAD38A}.xpi\r\n1416186464380\taddons.xpi\tDEBUG\tCalling bootstrap method startup on {82AF8DCA-6DE9-405D-BD5E-43525BDAD38A} version 7.3.16540.9015\r\n1416186464513\taddons.manager\tDEBUG\tRegistering shutdown blocker for XPIProvider\r\n1416186464515\taddons.manager\tDEBUG\tRegistering shutdown blocker for LightweightThemeManager\r\n1416186464519\taddons.manager\tDEBUG\tRegistering shutdown blocker for OpenH264Provider\r\n1416186464520\taddons.manager\tDEBUG\tRegistering shutdown blocker for PluginProvider\r\n*** Blocklist::_preloadBlocklistFile: blocklist is disabled\r\n1416186468944\taddons.manager\tDEBUG\tRegistering shutdown blocker for \u003cunnamed-provider\u003e\r\nconsole.error: skype_ff_extension: \r\n  DEPRECATED: The widget module is deprecated.  Please consider using the sdk/ui module instead.\r\nTraceback (most recent call last):\r\n  File \"resource://gre/modules/commonjs/sdk/addon/runner.js\", line 115, in startup/\u003c\r\n    run(options);\r\n  File \"resource://gre/modules/commonjs/sdk/addon/runner.js\", line 172, in run\r\n    let program \u003d main(options.loader, options.main);\r\n  File \"resource://gre/modules/commonjs/toolkit/loader.js\", line 659, in main\r\n    return loader.load(loader, module).exports;\r\n  File \"resource://gre/modules/commonjs/sdk/loader/cuddlefish.js\", line 129, in CuddlefishLoader/options\u003c.load\r\n    result \u003d load(loader, module);\r\n  File \"resource://gre/modules/commonjs/toolkit/loader.js\", line 313, in load\r\n    evaluate(sandbox, module.uri);\r\n  File \"resource://gre/modules/commonjs/toolkit/loader.js\", line 262, in evaluate\r\n    : loadSubScript(uri, sandbox, encoding);\r\n  File \"resource://skype_ff_extension-at-jetpack/skype_ff_extension/lib/main.js\", line 14, in null\r\n    var widgets \u003d require(\"sdk/widget\");\r\n  File \"resource://gre/modules/commonjs/toolkit/loader.js\", line 633, in require\r\n    freeze(load(loader, module));\r\n  File \"resource://gre/modules/commonjs/sdk/loader/cuddlefish.js\", line 129, in CuddlefishLoader/options\u003c.load\r\n    result \u003d load(loader, module);\r\n  File \"resource://gre/modules/commonjs/toolkit/loader.js\", line 313, in load\r\n    evaluate(sandbox, module.uri);\r\n  File \"resource://gre/modules/commonjs/toolkit/loader.js\", line 262, in evaluate\r\n    : loadSubScript(uri, sandbox, encoding);\r\n  File \"resource://gre/modules/commonjs/sdk/widget.js\", line 59, in null\r\n    require(\"./util/deprecate\").deprecateUsage(\r\n  File \"resource://gre/modules/commonjs/sdk/util/deprecate.js\", line 18, in deprecateUsage\r\n    let stack \u003d get().slice(2);\r\nJavaScript error: resource://skype_ff_extension-at-jetpack/skype_ff_extension/data/c2c_options_menu_localization.js, line 189: document.getElementById(...) is null\r\n1416186475289\taddons.xpi\tDEBUG\tCalling bootstrap method shutdown on {82AF8DCA-6DE9-405D-BD5E-43525BDAD38A} version 7.3.16540.9015\r\n1416186475874\taddons.manager\tDEBUG\tshutdown\r\n1416186475876\taddons.manager\tDEBUG\tCalling shutdown blocker for XPIProvider\r\n1416186475877\taddons.xpi\tDEBUG\tshutdown\r\n1416186475878\taddons.xpi\tDEBUG\tNotifying XPI shutdown observers\r\n1416186475879\taddons.manager\tDEBUG\tCalling shutdown blocker for LightweightThemeManager\r\n1416186475881\taddons.manager\tDEBUG\tCalling shutdown blocker for OpenH264Provider\r\n1416186475884\taddons.manager\tDEBUG\tCalling shutdown blocker for PluginProvider\r\n1416186475886\taddons.manager\tDEBUG\tCalling shutdown blocker for \u003cunnamed-provider\u003e\r\n1416186475913\taddons.manager\tDEBUG\tAsync provider shutdown done\r\n\nBuild info: version: \u00272.41.0\u0027, revision: \u00273192d8a6c4449dc285928ba024779344f5423c58\u0027, time: \u00272014-03-27 11:29:39\u0027\nSystem info: host: \u0027shiva-PC\u0027, ip: \u0027192.168.0.3\u0027, os.name: \u0027Windows 7\u0027, os.arch: \u0027x86\u0027, os.version: \u00276.1\u0027, java.version: \u00271.6.0_24\u0027\nDriver info: driver.version: FirefoxDriver\r\n\tat org.springframework.beans.factory.support.SimpleInstantiationStrategy.instantiate(SimpleInstantiationStrategy.java:169)\r\n\tat org.springframework.beans.factory.support.ConstructorResolver.instantiateUsingFactoryMethod(ConstructorResolver.java:570)\r\n\tat org.springframework.beans.factory.support.AbstractAutowireCapableBeanFactory.instantiateUsingFactoryMethod(AbstractAutowireCapableBeanFactory.java:1015)\r\n\tat org.springframework.beans.factory.support.AbstractAutowireCapableBeanFactory.createBeanInstance(AbstractAutowireCapableBeanFactory.java:911)\r\n\tat org.springframework.beans.factory.support.AbstractAutowireCapableBeanFactory.doCreateBean(AbstractAutowireCapableBeanFactory.java:485)\r\n\tat org.springframework.beans.factory.support.AbstractAutowireCapableBeanFactory.createBean(AbstractAutowireCapableBeanFactory.java:456)\r\n\tat org.springframework.beans.factory.support.AbstractBeanFactory.doGetBean(AbstractBeanFactory.java:313)\r\n\tat org.springframework.beans.factory.support.AbstractBeanFactory.getBean(AbstractBeanFactory.java:193)\r\n\tat org.springframework.context.support.AbstractApplicationContext.getBean(AbstractApplicationContext.java:1093)\r\n\tat org.unibet.automation.tests.AbstractTest.getSeleniumDriver(AbstractTest.java:31)\r\n\tat org.unibet.automation.tests.SearchSteps.User_on_UniBet_Page(SearchSteps.java:21)\r\n\tat sun.reflect.NativeMethodAccessorImpl.invoke0(Native Method)\r\n\tat sun.reflect.NativeMethodAccessorImpl.invoke(NativeMethodAccessorImpl.java:39)\r\n\tat sun.reflect.DelegatingMethodAccessorImpl.invoke(DelegatingMethodAccessorImpl.java:25)\r\n\tat java.lang.reflect.Method.invoke(Method.java:597)\r\n\tat cucumber.runtime.Utils$1.call(Utils.java:40)\r\n\tat cucumber.runtime.Timeout.timeout(Timeout.java:12)\r\n\tat cucumber.runtime.Utils.invoke(Utils.java:36)\r\n\tat cucumber.runtime.java.JavaStepDefinition.execute(JavaStepDefinition.java:35)\r\n\tat cucumber.runtime.StepDefinitionMatch.runStep(StepDefinitionMatch.java:38)\r\n\tat cucumber.runtime.Runtime.runStep(Runtime.java:267)\r\n\tat cucumber.runtime.model.StepContainer.runStep(StepContainer.java:44)\r\n\tat cucumber.runtime.model.StepContainer.runSteps(StepContainer.java:39)\r\n\tat cucumber.runtime.model.CucumberScenario.runBackground(CucumberScenario.java:45)\r\n\tat cucumber.runtime.model.CucumberScenario.run(CucumberScenario.java:34)\r\n\tat cucumber.junit.ExecutionUnitRunner.run(ExecutionUnitRunner.java:76)\r\n\tat org.junit.runners.Suite.runChild(Suite.java:128)\r\n\tat org.junit.runners.Suite.runChild(Suite.java:24)\r\n\tat org.junit.runners.ParentRunner$3.run(ParentRunner.java:231)\r\n\tat org.junit.runners.ParentRunner$1.schedule(ParentRunner.java:60)\r\n\tat org.junit.runners.ParentRunner.runChildren(ParentRunner.java:229)\r\n\tat org.junit.runners.ParentRunner.access$000(ParentRunner.java:50)\r\n\tat org.junit.runners.ParentRunner$2.evaluate(ParentRunner.java:222)\r\n\tat org.junit.runners.ParentRunner.run(ParentRunner.java:300)\r\n\tat org.junit.runners.Suite.runChild(Suite.java:128)\r\n\tat org.junit.runners.Suite.runChild(Suite.java:24)\r\n\tat org.junit.runners.ParentRunner$3.run(ParentRunner.java:231)\r\n\tat org.junit.runners.ParentRunner$1.schedule(ParentRunner.java:60)\r\n\tat org.junit.runners.ParentRunner.runChildren(ParentRunner.java:229)\r\n\tat org.junit.runners.ParentRunner.access$000(ParentRunner.java:50)\r\n\tat org.junit.runners.ParentRunner$2.evaluate(ParentRunner.java:222)\r\n\tat org.junit.runners.ParentRunner.run(ParentRunner.java:300)\r\n\tat cucumber.junit.FeatureRunner.runChild(FeatureRunner.java:65)\r\n\tat cucumber.junit.FeatureRunner.runChild(FeatureRunner.java:20)\r\n\tat org.junit.runners.ParentRunner$3.run(ParentRunner.java:231)\r\n\tat org.junit.runners.ParentRunner$1.schedule(ParentRunner.java:60)\r\n\tat org.junit.runners.ParentRunner.runChildren(ParentRunner.java:229)\r\n\tat org.junit.runners.ParentRunner.access$000(ParentRunner.java:50)\r\n\tat org.junit.runners.ParentRunner$2.evaluate(ParentRunner.java:222)\r\n\tat org.junit.runners.ParentRunner.run(ParentRunner.java:300)\r\n\tat cucumber.junit.FeatureRunner.run(FeatureRunner.java:72)\r\n\tat cucumber.junit.Cucumber.runChild(Cucumber.java:76)\r\n\tat cucumber.junit.Cucumber.runChild(Cucumber.java:36)\r\n\tat org.junit.runners.ParentRunner$3.run(ParentRunner.java:231)\r\n\tat org.junit.runners.ParentRunner$1.schedule(ParentRunner.java:60)\r\n\tat org.junit.runners.ParentRunner.runChildren(ParentRunner.java:229)\r\n\tat org.junit.runners.ParentRunner.access$000(ParentRunner.java:50)\r\n\tat org.junit.runners.ParentRunner$2.evaluate(ParentRunner.java:222)\r\n\tat org.junit.runners.ParentRunner.run(ParentRunner.java:300)\r\n\tat cucumber.junit.Cucumber.run(Cucumber.java:81)\r\n\tat org.apache.maven.surefire.junit4.JUnit4TestSet.execute(JUnit4TestSet.java:59)\r\n\tat org.apache.maven.surefire.suite.AbstractDirectoryTestSuite.executeTestSet(AbstractDirectoryTestSuite.java:115)\r\n\tat org.apache.maven.surefire.suite.AbstractDirectoryTestSuite.execute(AbstractDirectoryTestSuite.java:102)\r\n\tat org.apache.maven.surefire.Surefire.run(Surefire.java:180)\r\n\tat sun.reflect.NativeMethodAccessorImpl.invoke0(Native Method)\r\n\tat sun.reflect.NativeMethodAccessorImpl.invoke(NativeMethodAccessorImpl.java:39)\r\n\tat sun.reflect.DelegatingMethodAccessorImpl.invoke(DelegatingMethodAccessorImpl.java:25)\r\n\tat java.lang.reflect.Method.invoke(Method.java:597)\r\n\tat org.apache.maven.surefire.booter.SurefireBooter.runSuitesInProcess(SurefireBooter.java:350)\r\n\tat org.apache.maven.surefire.booter.SurefireBooter.main(SurefireBooter.java:1021)\r\nCaused by: org.openqa.selenium.WebDriverException: Failed to connect to binary FirefoxBinary(C:\\Program Files (x86)\\Mozilla Firefox\\firefox.exe) on port 7055; process output follows: \nva\\AppData\\Local\\Temp\\anonymous4338573993876163836webdriver-profile\\extensions\\fxdriver@googlecode.com\r\n1416186464285\taddons.xpi\tDEBUG\tIgnoring file entry whose name is not a valid add-on ID: C:\\Users\\shiva\\AppData\\Local\\Temp\\anonymous4338573993876163836webdriver-profile\\extensions\\webdriver-staging\r\n1416186464286\taddons.xpi\tDEBUG\tcheckForChanges\r\n1416186464348\taddons.xpi\tDEBUG\tNo changes found\r\n1416186464361\taddons.xpi\tDEBUG\tRegistering manifest for C:\\Program Files (x86)\\Mozilla Firefox\\browser\\extensions\\{82AF8DCA-6DE9-405D-BD5E-43525BDAD38A}.xpi\r\n1416186464362\taddons.xpi\tDEBUG\tLoading bootstrap scope from C:\\Program Files (x86)\\Mozilla Firefox\\browser\\extensions\\{82AF8DCA-6DE9-405D-BD5E-43525BDAD38A}.xpi\r\n1416186464380\taddons.xpi\tDEBUG\tCalling bootstrap method startup on {82AF8DCA-6DE9-405D-BD5E-43525BDAD38A} version 7.3.16540.9015\r\n1416186464513\taddons.manager\tDEBUG\tRegistering shutdown blocker for XPIProvider\r\n1416186464515\taddons.manager\tDEBUG\tRegistering shutdown blocker for LightweightThemeManager\r\n1416186464519\taddons.manager\tDEBUG\tRegistering shutdown blocker for OpenH264Provider\r\n1416186464520\taddons.manager\tDEBUG\tRegistering shutdown blocker for PluginProvider\r\n*** Blocklist::_preloadBlocklistFile: blocklist is disabled\r\n1416186468944\taddons.manager\tDEBUG\tRegistering shutdown blocker for \u003cunnamed-provider\u003e\r\nconsole.error: skype_ff_extension: \r\n  DEPRECATED: The widget module is deprecated.  Please consider using the sdk/ui module instead.\r\nTraceback (most recent call last):\r\n  File \"resource://gre/modules/commonjs/sdk/addon/runner.js\", line 115, in startup/\u003c\r\n    run(options);\r\n  File \"resource://gre/modules/commonjs/sdk/addon/runner.js\", line 172, in run\r\n    let program \u003d main(options.loader, options.main);\r\n  File \"resource://gre/modules/commonjs/toolkit/loader.js\", line 659, in main\r\n    return loader.load(loader, module).exports;\r\n  File \"resource://gre/modules/commonjs/sdk/loader/cuddlefish.js\", line 129, in CuddlefishLoader/options\u003c.load\r\n    result \u003d load(loader, module);\r\n  File \"resource://gre/modules/commonjs/toolkit/loader.js\", line 313, in load\r\n    evaluate(sandbox, module.uri);\r\n  File \"resource://gre/modules/commonjs/toolkit/loader.js\", line 262, in evaluate\r\n    : loadSubScript(uri, sandbox, encoding);\r\n  File \"resource://skype_ff_extension-at-jetpack/skype_ff_extension/lib/main.js\", line 14, in null\r\n    var widgets \u003d require(\"sdk/widget\");\r\n  File \"resource://gre/modules/commonjs/toolkit/loader.js\", line 633, in require\r\n    freeze(load(loader, module));\r\n  File \"resource://gre/modules/commonjs/sdk/loader/cuddlefish.js\", line 129, in CuddlefishLoader/options\u003c.load\r\n    result \u003d load(loader, module);\r\n  File \"resource://gre/modules/commonjs/toolkit/loader.js\", line 313, in load\r\n    evaluate(sandbox, module.uri);\r\n  File \"resource://gre/modules/commonjs/toolkit/loader.js\", line 262, in evaluate\r\n    : loadSubScript(uri, sandbox, encoding);\r\n  File \"resource://gre/modules/commonjs/sdk/widget.js\", line 59, in null\r\n    require(\"./util/deprecate\").deprecateUsage(\r\n  File \"resource://gre/modules/commonjs/sdk/util/deprecate.js\", line 18, in deprecateUsage\r\n    let stack \u003d get().slice(2);\r\nJavaScript error: resource://skype_ff_extension-at-jetpack/skype_ff_extension/data/c2c_options_menu_localization.js, line 189: document.getElementById(...) is null\r\n1416186475289\taddons.xpi\tDEBUG\tCalling bootstrap method shutdown on {82AF8DCA-6DE9-405D-BD5E-43525BDAD38A} version 7.3.16540.9015\r\n1416186475874\taddons.manager\tDEBUG\tshutdown\r\n1416186475876\taddons.manager\tDEBUG\tCalling shutdown blocker for XPIProvider\r\n1416186475877\taddons.xpi\tDEBUG\tshutdown\r\n1416186475878\taddons.xpi\tDEBUG\tNotifying XPI shutdown observers\r\n1416186475879\taddons.manager\tDEBUG\tCalling shutdown blocker for LightweightThemeManager\r\n1416186475881\taddons.manager\tDEBUG\tCalling shutdown blocker for OpenH264Provider\r\n1416186475884\taddons.manager\tDEBUG\tCalling shutdown blocker for PluginProvider\r\n1416186475886\taddons.manager\tDEBUG\tCalling shutdown blocker for \u003cunnamed-provider\u003e\r\n1416186475913\taddons.manager\tDEBUG\tAsync provider shutdown done\r\n\nBuild info: version: \u00272.41.0\u0027, revision: \u00273192d8a6c4449dc285928ba024779344f5423c58\u0027, time: \u00272014-03-27 11:29:39\u0027\nSystem info: host: \u0027shiva-PC\u0027, ip: \u0027192.168.0.3\u0027, os.name: \u0027Windows 7\u0027, os.arch: \u0027x86\u0027, os.version: \u00276.1\u0027, java.version: \u00271.6.0_24\u0027\nDriver info: driver.version: FirefoxDriver\r\n\tat org.openqa.selenium.firefox.internal.NewProfileExtensionConnection.start(NewProfileExtensionConnection.java:130)\r\n\tat org.openqa.selenium.firefox.FirefoxDriver.startClient(FirefoxDriver.java:246)\r\n\tat org.openqa.selenium.remote.RemoteWebDriver.\u003cinit\u003e(RemoteWebDriver.java:114)\r\n\tat org.openqa.selenium.firefox.FirefoxDriver.\u003cinit\u003e(FirefoxDriver.java:191)\r\n\tat org.openqa.selenium.firefox.FirefoxDriver.\u003cinit\u003e(FirefoxDriver.java:186)\r\n\tat org.openqa.selenium.firefox.FirefoxDriver.\u003cinit\u003e(FirefoxDriver.java:182)\r\n\tat org.openqa.selenium.firefox.FirefoxDriver.\u003cinit\u003e(FirefoxDriver.java:95)\r\n\tat org.unibet.automation.core.WebDriverFactory.getDriverInstance(WebDriverFactory.java:55)\r\n\tat org.unibet.automation.core.WebDriverFactory.getObject(WebDriverFactory.java:42)\r\n\tat org.unibet.automation.core.WebDriverFactory.getObject(WebDriverFactory.java:10)\r\n\tat sun.reflect.NativeMethodAccessorImpl.invoke0(Native Method)\r\n\tat sun.reflect.NativeMethodAccessorImpl.invoke(NativeMethodAccessorImpl.java:39)\r\n\tat sun.reflect.DelegatingMethodAccessorImpl.invoke(DelegatingMethodAccessorImpl.java:25)\r\n\tat java.lang.reflect.Method.invoke(Method.java:597)\r\n\tat org.springframework.beans.factory.support.SimpleInstantiationStrategy.instantiate(SimpleInstantiationStrategy.java:149)\r\n\t... 69 more\r\nCaused by: org.openqa.selenium.firefox.NotConnectedException: Unable to connect to host 127.0.0.1 on port 7055 after 45000 ms. Firefox console output:\nva\\AppData\\Local\\Temp\\anonymous4338573993876163836webdriver-profile\\extensions\\fxdriver@googlecode.com\r\n1416186464285\taddons.xpi\tDEBUG\tIgnoring file entry whose name is not a valid add-on ID: C:\\Users\\shiva\\AppData\\Local\\Temp\\anonymous4338573993876163836webdriver-profile\\extensions\\webdriver-staging\r\n1416186464286\taddons.xpi\tDEBUG\tcheckForChanges\r\n1416186464348\taddons.xpi\tDEBUG\tNo changes found\r\n1416186464361\taddons.xpi\tDEBUG\tRegistering manifest for C:\\Program Files (x86)\\Mozilla Firefox\\browser\\extensions\\{82AF8DCA-6DE9-405D-BD5E-43525BDAD38A}.xpi\r\n1416186464362\taddons.xpi\tDEBUG\tLoading bootstrap scope from C:\\Program Files (x86)\\Mozilla Firefox\\browser\\extensions\\{82AF8DCA-6DE9-405D-BD5E-43525BDAD38A}.xpi\r\n1416186464380\taddons.xpi\tDEBUG\tCalling bootstrap method startup on {82AF8DCA-6DE9-405D-BD5E-43525BDAD38A} version 7.3.16540.9015\r\n1416186464513\taddons.manager\tDEBUG\tRegistering shutdown blocker for XPIProvider\r\n1416186464515\taddons.manager\tDEBUG\tRegistering shutdown blocker for LightweightThemeManager\r\n1416186464519\taddons.manager\tDEBUG\tRegistering shutdown blocker for OpenH264Provider\r\n1416186464520\taddons.manager\tDEBUG\tRegistering shutdown blocker for PluginProvider\r\n*** Blocklist::_preloadBlocklistFile: blocklist is disabled\r\n1416186468944\taddons.manager\tDEBUG\tRegistering shutdown blocker for \u003cunnamed-provider\u003e\r\nconsole.error: skype_ff_extension: \r\n  DEPRECATED: The widget module is deprecated.  Please consider using the sdk/ui module instead.\r\nTraceback (most recent call last):\r\n  File \"resource://gre/modules/commonjs/sdk/addon/runner.js\", line 115, in startup/\u003c\r\n    run(options);\r\n  File \"resource://gre/modules/commonjs/sdk/addon/runner.js\", line 172, in run\r\n    let program \u003d main(options.loader, options.main);\r\n  File \"resource://gre/modules/commonjs/toolkit/loader.js\", line 659, in main\r\n    return loader.load(loader, module).exports;\r\n  File \"resource://gre/modules/commonjs/sdk/loader/cuddlefish.js\", line 129, in CuddlefishLoader/options\u003c.load\r\n    result \u003d load(loader, module);\r\n  File \"resource://gre/modules/commonjs/toolkit/loader.js\", line 313, in load\r\n    evaluate(sandbox, module.uri);\r\n  File \"resource://gre/modules/commonjs/toolkit/loader.js\", line 262, in evaluate\r\n    : loadSubScript(uri, sandbox, encoding);\r\n  File \"resource://skype_ff_extension-at-jetpack/skype_ff_extension/lib/main.js\", line 14, in null\r\n    var widgets \u003d require(\"sdk/widget\");\r\n  File \"resource://gre/modules/commonjs/toolkit/loader.js\", line 633, in require\r\n    freeze(load(loader, module));\r\n  File \"resource://gre/modules/commonjs/sdk/loader/cuddlefish.js\", line 129, in CuddlefishLoader/options\u003c.load\r\n    result \u003d load(loader, module);\r\n  File \"resource://gre/modules/commonjs/toolkit/loader.js\", line 313, in load\r\n    evaluate(sandbox, module.uri);\r\n  File \"resource://gre/modules/commonjs/toolkit/loader.js\", line 262, in evaluate\r\n    : loadSubScript(uri, sandbox, encoding);\r\n  File \"resource://gre/modules/commonjs/sdk/widget.js\", line 59, in null\r\n    require(\"./util/deprecate\").deprecateUsage(\r\n  File \"resource://gre/modules/commonjs/sdk/util/deprecate.js\", line 18, in deprecateUsage\r\n    let stack \u003d get().slice(2);\r\nJavaScript error: resource://skype_ff_extension-at-jetpack/skype_ff_extension/data/c2c_options_menu_localization.js, line 189: document.getElementById(...) is null\r\n1416186475289\taddons.xpi\tDEBUG\tCalling bootstrap method shutdown on {82AF8DCA-6DE9-405D-BD5E-43525BDAD38A} version 7.3.16540.9015\r\n1416186475874\taddons.manager\tDEBUG\tshutdown\r\n1416186475876\taddons.manager\tDEBUG\tCalling shutdown blocker for XPIProvider\r\n1416186475877\taddons.xpi\tDEBUG\tshutdown\r\n1416186475878\taddons.xpi\tDEBUG\tNotifying XPI shutdown observers\r\n1416186475879\taddons.manager\tDEBUG\tCalling shutdown blocker for LightweightThemeManager\r\n1416186475881\taddons.manager\tDEBUG\tCalling shutdown blocker for OpenH264Provider\r\n1416186475884\taddons.manager\tDEBUG\tCalling shutdown blocker for PluginProvider\r\n1416186475886\taddons.manager\tDEBUG\tCalling shutdown blocker for \u003cunnamed-provider\u003e\r\n1416186475913\taddons.manager\tDEBUG\tAsync provider shutdown done\r\n\r\n\tat org.openqa.selenium.firefox.internal.NewProfileExtensionConnection.start(NewProfileExtensionConnection.java:118)\r\n\t... 83 more\r\n"
            },
            "name": "User on UniBet Page",
            "keyword": "Given ",
            "line": 5,
            "match": {
              "location": "SearchSteps.User_on_UniBet_Page()"
            }
          }
        ],
        "type": "background"
      },
      {
        "id": "search-functionality;advanced-search-in-unibet;;3",
        "tags": [
          {
            "name": "@search",
            "line": 1
          }
        ],
        "description": "",
        "name": "Advanced Search in UniBet",
        "keyword": "Scenario Outline",
        "line": 13,
        "steps": [
          {
            "name": "Search with \"english\" term",
            "keyword": "When ",
            "line": 8,
            "matchedColumns": [
              0
            ]
          },
          {
            "result": {
              "status": "skipped"
            },
            "name": "List of Results will be displayed",
            "keyword": "Then ",
            "line": 9,
            "match": {
              "location": "SearchSteps.List_of_Results_will_be_displayed()"
            }
          }
        ],
        "type": "scenario"
      },
      {
        "description": "",
        "name": "User should be on UniBet home page",
        "keyword": "Background",
        "line": 4,
        "steps": [
          {
            "result": {
              "duration": 51778522925,
              "status": "failed",
              "error_message": "org.springframework.beans.factory.BeanCreationException: Error creating bean with name \u0027webDriver\u0027 defined in class path resource [application-context.xml]: Instantiation of bean failed; nested exception is org.springframework.beans.factory.BeanDefinitionStoreException: Factory method [public java.lang.Object org.unibet.automation.core.WebDriverFactory.getObject() throws java.lang.Exception] threw exception; nested exception is org.openqa.selenium.WebDriverException: Failed to connect to binary FirefoxBinary(C:\\Program Files (x86)\\Mozilla Firefox\\firefox.exe) on port 7055; process output follows: \ni\tDEBUG\tSkipping unavailable install location app-system-local\r\n1416186515475\taddons.xpi\tDEBUG\tSkipping unavailable install location app-system-share\r\n1416186515478\taddons.xpi\tINFO\tMapping {82AF8DCA-6DE9-405D-BD5E-43525BDAD38A} to C:\\Program Files (x86)\\Mozilla Firefox\\browser\\extensions\\{82AF8DCA-6DE9-405D-BD5E-43525BDAD38A}.xpi\r\n1416186515479\taddons.xpi\tINFO\tMapping {972ce4c6-7e08-4474-a285-3208198ce6fd} to C:\\Program Files (x86)\\Mozilla Firefox\\browser\\extensions\\{972ce4c6-7e08-4474-a285-3208198ce6fd}\r\n1416186515480\taddons.xpi\tINFO\tMapping {e4f94d1e-2f53-401e-8885-681602c0ddd8} to C:\\ProgramData\\McAfee Security Scan\\Extensions\\{e4f94d1e-2f53-401e-8885-681602c0ddd8}.xpi\r\n1416186515483\taddons.xpi\tINFO\tMapping fxdriver@googlecode.com to C:\\Users\\shiva\\AppData\\Local\\Temp\\anonymous2461940271479824677webdriver-profile\\extensions\\fxdriver@googlecode.com\r\n1416186515484\taddons.xpi\tDEBUG\tIgnoring file entry whose name is not a valid add-on ID: C:\\Users\\shiva\\AppData\\Local\\Temp\\anonymous2461940271479824677webdriver-profile\\extensions\\webdriver-staging\r\n1416186515486\taddons.xpi\tDEBUG\tcheckForChanges\r\n1416186515556\taddons.xpi\tDEBUG\tNo changes found\r\n1416186515568\taddons.xpi\tDEBUG\tRegistering manifest for C:\\Program Files (x86)\\Mozilla Firefox\\browser\\extensions\\{82AF8DCA-6DE9-405D-BD5E-43525BDAD38A}.xpi\r\n1416186515569\taddons.xpi\tDEBUG\tLoading bootstrap scope from C:\\Program Files (x86)\\Mozilla Firefox\\browser\\extensions\\{82AF8DCA-6DE9-405D-BD5E-43525BDAD38A}.xpi\r\n1416186515589\taddons.xpi\tDEBUG\tCalling bootstrap method startup on {82AF8DCA-6DE9-405D-BD5E-43525BDAD38A} version 7.3.16540.9015\r\n1416186515720\taddons.manager\tDEBUG\tRegistering shutdown blocker for XPIProvider\r\n1416186515722\taddons.manager\tDEBUG\tRegistering shutdown blocker for LightweightThemeManager\r\n1416186515727\taddons.manager\tDEBUG\tRegistering shutdown blocker for OpenH264Provider\r\n1416186515728\taddons.manager\tDEBUG\tRegistering shutdown blocker for PluginProvider\r\n*** Blocklist::_preloadBlocklistFile: blocklist is disabled\r\n1416186519915\taddons.manager\tDEBUG\tRegistering shutdown blocker for \u003cunnamed-provider\u003e\r\nconsole.error: skype_ff_extension: \r\n  DEPRECATED: The widget module is deprecated.  Please consider using the sdk/ui module instead.\r\nTraceback (most recent call last):\r\n  File \"resource://gre/modules/commonjs/sdk/addon/runner.js\", line 115, in startup/\u003c\r\n    run(options);\r\n  File \"resource://gre/modules/commonjs/sdk/addon/runner.js\", line 172, in run\r\n    let program \u003d main(options.loader, options.main);\r\n  File \"resource://gre/modules/commonjs/toolkit/loader.js\", line 659, in main\r\n    return loader.load(loader, module).exports;\r\n  File \"resource://gre/modules/commonjs/sdk/loader/cuddlefish.js\", line 129, in CuddlefishLoader/options\u003c.load\r\n    result \u003d load(loader, module);\r\n  File \"resource://gre/modules/commonjs/toolkit/loader.js\", line 313, in load\r\n    evaluate(sandbox, module.uri);\r\n  File \"resource://gre/modules/commonjs/toolkit/loader.js\", line 262, in evaluate\r\n    : loadSubScript(uri, sandbox, encoding);\r\n  File \"resource://skype_ff_extension-at-jetpack/skype_ff_extension/lib/main.js\", line 14, in null\r\n    var widgets \u003d require(\"sdk/widget\");\r\n  File \"resource://gre/modules/commonjs/toolkit/loader.js\", line 633, in require\r\n    freeze(load(loader, module));\r\n  File \"resource://gre/modules/commonjs/sdk/loader/cuddlefish.js\", line 129, in CuddlefishLoader/options\u003c.load\r\n    result \u003d load(loader, module);\r\n  File \"resource://gre/modules/commonjs/toolkit/loader.js\", line 313, in load\r\n    evaluate(sandbox, module.uri);\r\n  File \"resource://gre/modules/commonjs/toolkit/loader.js\", line 262, in evaluate\r\n    : loadSubScript(uri, sandbox, encoding);\r\n  File \"resource://gre/modules/commonjs/sdk/widget.js\", line 59, in null\r\n    require(\"./util/deprecate\").deprecateUsage(\r\n  File \"resource://gre/modules/commonjs/sdk/util/deprecate.js\", line 18, in deprecateUsage\r\n    let stack \u003d get().slice(2);\r\nJavaScript error: resource://skype_ff_extension-at-jetpack/skype_ff_extension/data/c2c_options_menu_localization.js, line 189: document.getElementById(...) is null\r\n\nBuild info: version: \u00272.41.0\u0027, revision: \u00273192d8a6c4449dc285928ba024779344f5423c58\u0027, time: \u00272014-03-27 11:29:39\u0027\nSystem info: host: \u0027shiva-PC\u0027, ip: \u0027192.168.0.3\u0027, os.name: \u0027Windows 7\u0027, os.arch: \u0027x86\u0027, os.version: \u00276.1\u0027, java.version: \u00271.6.0_24\u0027\nDriver info: driver.version: FirefoxDriver\r\n\tat org.springframework.beans.factory.support.ConstructorResolver.instantiateUsingFactoryMethod(ConstructorResolver.java:581)\r\n\tat org.springframework.beans.factory.support.AbstractAutowireCapableBeanFactory.instantiateUsingFactoryMethod(AbstractAutowireCapableBeanFactory.java:1015)\r\n\tat org.springframework.beans.factory.support.AbstractAutowireCapableBeanFactory.createBeanInstance(AbstractAutowireCapableBeanFactory.java:911)\r\n\tat org.springframework.beans.factory.support.AbstractAutowireCapableBeanFactory.doCreateBean(AbstractAutowireCapableBeanFactory.java:485)\r\n\tat org.springframework.beans.factory.support.AbstractAutowireCapableBeanFactory.createBean(AbstractAutowireCapableBeanFactory.java:456)\r\n\tat org.springframework.beans.factory.support.AbstractBeanFactory.doGetBean(AbstractBeanFactory.java:313)\r\n\tat org.springframework.beans.factory.support.AbstractBeanFactory.getBean(AbstractBeanFactory.java:193)\r\n\tat org.springframework.context.support.AbstractApplicationContext.getBean(AbstractApplicationContext.java:1093)\r\n\tat org.unibet.automation.tests.AbstractTest.getSeleniumDriver(AbstractTest.java:31)\r\n\tat org.unibet.automation.tests.SearchSteps.User_on_UniBet_Page(SearchSteps.java:21)\r\n\tat ?.Given User on UniBet Page(org\\unibet\\automation\\tests\\UniBetSearch.feature:5)\r\nCaused by: org.springframework.beans.factory.BeanDefinitionStoreException: Factory method [public java.lang.Object org.unibet.automation.core.WebDriverFactory.getObject() throws java.lang.Exception] threw exception; nested exception is org.openqa.selenium.WebDriverException: Failed to connect to binary FirefoxBinary(C:\\Program Files (x86)\\Mozilla Firefox\\firefox.exe) on port 7055; process output follows: \ni\tDEBUG\tSkipping unavailable install location app-system-local\r\n1416186515475\taddons.xpi\tDEBUG\tSkipping unavailable install location app-system-share\r\n1416186515478\taddons.xpi\tINFO\tMapping {82AF8DCA-6DE9-405D-BD5E-43525BDAD38A} to C:\\Program Files (x86)\\Mozilla Firefox\\browser\\extensions\\{82AF8DCA-6DE9-405D-BD5E-43525BDAD38A}.xpi\r\n1416186515479\taddons.xpi\tINFO\tMapping {972ce4c6-7e08-4474-a285-3208198ce6fd} to C:\\Program Files (x86)\\Mozilla Firefox\\browser\\extensions\\{972ce4c6-7e08-4474-a285-3208198ce6fd}\r\n1416186515480\taddons.xpi\tINFO\tMapping {e4f94d1e-2f53-401e-8885-681602c0ddd8} to C:\\ProgramData\\McAfee Security Scan\\Extensions\\{e4f94d1e-2f53-401e-8885-681602c0ddd8}.xpi\r\n1416186515483\taddons.xpi\tINFO\tMapping fxdriver@googlecode.com to C:\\Users\\shiva\\AppData\\Local\\Temp\\anonymous2461940271479824677webdriver-profile\\extensions\\fxdriver@googlecode.com\r\n1416186515484\taddons.xpi\tDEBUG\tIgnoring file entry whose name is not a valid add-on ID: C:\\Users\\shiva\\AppData\\Local\\Temp\\anonymous2461940271479824677webdriver-profile\\extensions\\webdriver-staging\r\n1416186515486\taddons.xpi\tDEBUG\tcheckForChanges\r\n1416186515556\taddons.xpi\tDEBUG\tNo changes found\r\n1416186515568\taddons.xpi\tDEBUG\tRegistering manifest for C:\\Program Files (x86)\\Mozilla Firefox\\browser\\extensions\\{82AF8DCA-6DE9-405D-BD5E-43525BDAD38A}.xpi\r\n1416186515569\taddons.xpi\tDEBUG\tLoading bootstrap scope from C:\\Program Files (x86)\\Mozilla Firefox\\browser\\extensions\\{82AF8DCA-6DE9-405D-BD5E-43525BDAD38A}.xpi\r\n1416186515589\taddons.xpi\tDEBUG\tCalling bootstrap method startup on {82AF8DCA-6DE9-405D-BD5E-43525BDAD38A} version 7.3.16540.9015\r\n1416186515720\taddons.manager\tDEBUG\tRegistering shutdown blocker for XPIProvider\r\n1416186515722\taddons.manager\tDEBUG\tRegistering shutdown blocker for LightweightThemeManager\r\n1416186515727\taddons.manager\tDEBUG\tRegistering shutdown blocker for OpenH264Provider\r\n1416186515728\taddons.manager\tDEBUG\tRegistering shutdown blocker for PluginProvider\r\n*** Blocklist::_preloadBlocklistFile: blocklist is disabled\r\n1416186519915\taddons.manager\tDEBUG\tRegistering shutdown blocker for \u003cunnamed-provider\u003e\r\nconsole.error: skype_ff_extension: \r\n  DEPRECATED: The widget module is deprecated.  Please consider using the sdk/ui module instead.\r\nTraceback (most recent call last):\r\n  File \"resource://gre/modules/commonjs/sdk/addon/runner.js\", line 115, in startup/\u003c\r\n    run(options);\r\n  File \"resource://gre/modules/commonjs/sdk/addon/runner.js\", line 172, in run\r\n    let program \u003d main(options.loader, options.main);\r\n  File \"resource://gre/modules/commonjs/toolkit/loader.js\", line 659, in main\r\n    return loader.load(loader, module).exports;\r\n  File \"resource://gre/modules/commonjs/sdk/loader/cuddlefish.js\", line 129, in CuddlefishLoader/options\u003c.load\r\n    result \u003d load(loader, module);\r\n  File \"resource://gre/modules/commonjs/toolkit/loader.js\", line 313, in load\r\n    evaluate(sandbox, module.uri);\r\n  File \"resource://gre/modules/commonjs/toolkit/loader.js\", line 262, in evaluate\r\n    : loadSubScript(uri, sandbox, encoding);\r\n  File \"resource://skype_ff_extension-at-jetpack/skype_ff_extension/lib/main.js\", line 14, in null\r\n    var widgets \u003d require(\"sdk/widget\");\r\n  File \"resource://gre/modules/commonjs/toolkit/loader.js\", line 633, in require\r\n    freeze(load(loader, module));\r\n  File \"resource://gre/modules/commonjs/sdk/loader/cuddlefish.js\", line 129, in CuddlefishLoader/options\u003c.load\r\n    result \u003d load(loader, module);\r\n  File \"resource://gre/modules/commonjs/toolkit/loader.js\", line 313, in load\r\n    evaluate(sandbox, module.uri);\r\n  File \"resource://gre/modules/commonjs/toolkit/loader.js\", line 262, in evaluate\r\n    : loadSubScript(uri, sandbox, encoding);\r\n  File \"resource://gre/modules/commonjs/sdk/widget.js\", line 59, in null\r\n    require(\"./util/deprecate\").deprecateUsage(\r\n  File \"resource://gre/modules/commonjs/sdk/util/deprecate.js\", line 18, in deprecateUsage\r\n    let stack \u003d get().slice(2);\r\nJavaScript error: resource://skype_ff_extension-at-jetpack/skype_ff_extension/data/c2c_options_menu_localization.js, line 189: document.getElementById(...) is null\r\n\nBuild info: version: \u00272.41.0\u0027, revision: \u00273192d8a6c4449dc285928ba024779344f5423c58\u0027, time: \u00272014-03-27 11:29:39\u0027\nSystem info: host: \u0027shiva-PC\u0027, ip: \u0027192.168.0.3\u0027, os.name: \u0027Windows 7\u0027, os.arch: \u0027x86\u0027, os.version: \u00276.1\u0027, java.version: \u00271.6.0_24\u0027\nDriver info: driver.version: FirefoxDriver\r\n\tat org.springframework.beans.factory.support.SimpleInstantiationStrategy.instantiate(SimpleInstantiationStrategy.java:169)\r\n\tat org.springframework.beans.factory.support.ConstructorResolver.instantiateUsingFactoryMethod(ConstructorResolver.java:570)\r\n\tat org.springframework.beans.factory.support.AbstractAutowireCapableBeanFactory.instantiateUsingFactoryMethod(AbstractAutowireCapableBeanFactory.java:1015)\r\n\tat org.springframework.beans.factory.support.AbstractAutowireCapableBeanFactory.createBeanInstance(AbstractAutowireCapableBeanFactory.java:911)\r\n\tat org.springframework.beans.factory.support.AbstractAutowireCapableBeanFactory.doCreateBean(AbstractAutowireCapableBeanFactory.java:485)\r\n\tat org.springframework.beans.factory.support.AbstractAutowireCapableBeanFactory.createBean(AbstractAutowireCapableBeanFactory.java:456)\r\n\tat org.springframework.beans.factory.support.AbstractBeanFactory.doGetBean(AbstractBeanFactory.java:313)\r\n\tat org.springframework.beans.factory.support.AbstractBeanFactory.getBean(AbstractBeanFactory.java:193)\r\n\tat org.springframework.context.support.AbstractApplicationContext.getBean(AbstractApplicationContext.java:1093)\r\n\tat org.unibet.automation.tests.AbstractTest.getSeleniumDriver(AbstractTest.java:31)\r\n\tat org.unibet.automation.tests.SearchSteps.User_on_UniBet_Page(SearchSteps.java:21)\r\n\tat sun.reflect.NativeMethodAccessorImpl.invoke0(Native Method)\r\n\tat sun.reflect.NativeMethodAccessorImpl.invoke(NativeMethodAccessorImpl.java:39)\r\n\tat sun.reflect.DelegatingMethodAccessorImpl.invoke(DelegatingMethodAccessorImpl.java:25)\r\n\tat java.lang.reflect.Method.invoke(Method.java:597)\r\n\tat cucumber.runtime.Utils$1.call(Utils.java:40)\r\n\tat cucumber.runtime.Timeout.timeout(Timeout.java:12)\r\n\tat cucumber.runtime.Utils.invoke(Utils.java:36)\r\n\tat cucumber.runtime.java.JavaStepDefinition.execute(JavaStepDefinition.java:35)\r\n\tat cucumber.runtime.StepDefinitionMatch.runStep(StepDefinitionMatch.java:38)\r\n\tat cucumber.runtime.Runtime.runStep(Runtime.java:267)\r\n\tat cucumber.runtime.model.StepContainer.runStep(StepContainer.java:44)\r\n\tat cucumber.runtime.model.StepContainer.runSteps(StepContainer.java:39)\r\n\tat cucumber.runtime.model.CucumberScenario.runBackground(CucumberScenario.java:45)\r\n\tat cucumber.runtime.model.CucumberScenario.run(CucumberScenario.java:34)\r\n\tat cucumber.junit.ExecutionUnitRunner.run(ExecutionUnitRunner.java:76)\r\n\tat org.junit.runners.Suite.runChild(Suite.java:128)\r\n\tat org.junit.runners.Suite.runChild(Suite.java:24)\r\n\tat org.junit.runners.ParentRunner$3.run(ParentRunner.java:231)\r\n\tat org.junit.runners.ParentRunner$1.schedule(ParentRunner.java:60)\r\n\tat org.junit.runners.ParentRunner.runChildren(ParentRunner.java:229)\r\n\tat org.junit.runners.ParentRunner.access$000(ParentRunner.java:50)\r\n\tat org.junit.runners.ParentRunner$2.evaluate(ParentRunner.java:222)\r\n\tat org.junit.runners.ParentRunner.run(ParentRunner.java:300)\r\n\tat org.junit.runners.Suite.runChild(Suite.java:128)\r\n\tat org.junit.runners.Suite.runChild(Suite.java:24)\r\n\tat org.junit.runners.ParentRunner$3.run(ParentRunner.java:231)\r\n\tat org.junit.runners.ParentRunner$1.schedule(ParentRunner.java:60)\r\n\tat org.junit.runners.ParentRunner.runChildren(ParentRunner.java:229)\r\n\tat org.junit.runners.ParentRunner.access$000(ParentRunner.java:50)\r\n\tat org.junit.runners.ParentRunner$2.evaluate(ParentRunner.java:222)\r\n\tat org.junit.runners.ParentRunner.run(ParentRunner.java:300)\r\n\tat cucumber.junit.FeatureRunner.runChild(FeatureRunner.java:65)\r\n\tat cucumber.junit.FeatureRunner.runChild(FeatureRunner.java:20)\r\n\tat org.junit.runners.ParentRunner$3.run(ParentRunner.java:231)\r\n\tat org.junit.runners.ParentRunner$1.schedule(ParentRunner.java:60)\r\n\tat org.junit.runners.ParentRunner.runChildren(ParentRunner.java:229)\r\n\tat org.junit.runners.ParentRunner.access$000(ParentRunner.java:50)\r\n\tat org.junit.runners.ParentRunner$2.evaluate(ParentRunner.java:222)\r\n\tat org.junit.runners.ParentRunner.run(ParentRunner.java:300)\r\n\tat cucumber.junit.FeatureRunner.run(FeatureRunner.java:72)\r\n\tat cucumber.junit.Cucumber.runChild(Cucumber.java:76)\r\n\tat cucumber.junit.Cucumber.runChild(Cucumber.java:36)\r\n\tat org.junit.runners.ParentRunner$3.run(ParentRunner.java:231)\r\n\tat org.junit.runners.ParentRunner$1.schedule(ParentRunner.java:60)\r\n\tat org.junit.runners.ParentRunner.runChildren(ParentRunner.java:229)\r\n\tat org.junit.runners.ParentRunner.access$000(ParentRunner.java:50)\r\n\tat org.junit.runners.ParentRunner$2.evaluate(ParentRunner.java:222)\r\n\tat org.junit.runners.ParentRunner.run(ParentRunner.java:300)\r\n\tat cucumber.junit.Cucumber.run(Cucumber.java:81)\r\n\tat org.apache.maven.surefire.junit4.JUnit4TestSet.execute(JUnit4TestSet.java:59)\r\n\tat org.apache.maven.surefire.suite.AbstractDirectoryTestSuite.executeTestSet(AbstractDirectoryTestSuite.java:115)\r\n\tat org.apache.maven.surefire.suite.AbstractDirectoryTestSuite.execute(AbstractDirectoryTestSuite.java:102)\r\n\tat org.apache.maven.surefire.Surefire.run(Surefire.java:180)\r\n\tat sun.reflect.NativeMethodAccessorImpl.invoke0(Native Method)\r\n\tat sun.reflect.NativeMethodAccessorImpl.invoke(NativeMethodAccessorImpl.java:39)\r\n\tat sun.reflect.DelegatingMethodAccessorImpl.invoke(DelegatingMethodAccessorImpl.java:25)\r\n\tat java.lang.reflect.Method.invoke(Method.java:597)\r\n\tat org.apache.maven.surefire.booter.SurefireBooter.runSuitesInProcess(SurefireBooter.java:350)\r\n\tat org.apache.maven.surefire.booter.SurefireBooter.main(SurefireBooter.java:1021)\r\nCaused by: org.openqa.selenium.WebDriverException: Failed to connect to binary FirefoxBinary(C:\\Program Files (x86)\\Mozilla Firefox\\firefox.exe) on port 7055; process output follows: \ni\tDEBUG\tSkipping unavailable install location app-system-local\r\n1416186515475\taddons.xpi\tDEBUG\tSkipping unavailable install location app-system-share\r\n1416186515478\taddons.xpi\tINFO\tMapping {82AF8DCA-6DE9-405D-BD5E-43525BDAD38A} to C:\\Program Files (x86)\\Mozilla Firefox\\browser\\extensions\\{82AF8DCA-6DE9-405D-BD5E-43525BDAD38A}.xpi\r\n1416186515479\taddons.xpi\tINFO\tMapping {972ce4c6-7e08-4474-a285-3208198ce6fd} to C:\\Program Files (x86)\\Mozilla Firefox\\browser\\extensions\\{972ce4c6-7e08-4474-a285-3208198ce6fd}\r\n1416186515480\taddons.xpi\tINFO\tMapping {e4f94d1e-2f53-401e-8885-681602c0ddd8} to C:\\ProgramData\\McAfee Security Scan\\Extensions\\{e4f94d1e-2f53-401e-8885-681602c0ddd8}.xpi\r\n1416186515483\taddons.xpi\tINFO\tMapping fxdriver@googlecode.com to C:\\Users\\shiva\\AppData\\Local\\Temp\\anonymous2461940271479824677webdriver-profile\\extensions\\fxdriver@googlecode.com\r\n1416186515484\taddons.xpi\tDEBUG\tIgnoring file entry whose name is not a valid add-on ID: C:\\Users\\shiva\\AppData\\Local\\Temp\\anonymous2461940271479824677webdriver-profile\\extensions\\webdriver-staging\r\n1416186515486\taddons.xpi\tDEBUG\tcheckForChanges\r\n1416186515556\taddons.xpi\tDEBUG\tNo changes found\r\n1416186515568\taddons.xpi\tDEBUG\tRegistering manifest for C:\\Program Files (x86)\\Mozilla Firefox\\browser\\extensions\\{82AF8DCA-6DE9-405D-BD5E-43525BDAD38A}.xpi\r\n1416186515569\taddons.xpi\tDEBUG\tLoading bootstrap scope from C:\\Program Files (x86)\\Mozilla Firefox\\browser\\extensions\\{82AF8DCA-6DE9-405D-BD5E-43525BDAD38A}.xpi\r\n1416186515589\taddons.xpi\tDEBUG\tCalling bootstrap method startup on {82AF8DCA-6DE9-405D-BD5E-43525BDAD38A} version 7.3.16540.9015\r\n1416186515720\taddons.manager\tDEBUG\tRegistering shutdown blocker for XPIProvider\r\n1416186515722\taddons.manager\tDEBUG\tRegistering shutdown blocker for LightweightThemeManager\r\n1416186515727\taddons.manager\tDEBUG\tRegistering shutdown blocker for OpenH264Provider\r\n1416186515728\taddons.manager\tDEBUG\tRegistering shutdown blocker for PluginProvider\r\n*** Blocklist::_preloadBlocklistFile: blocklist is disabled\r\n1416186519915\taddons.manager\tDEBUG\tRegistering shutdown blocker for \u003cunnamed-provider\u003e\r\nconsole.error: skype_ff_extension: \r\n  DEPRECATED: The widget module is deprecated.  Please consider using the sdk/ui module instead.\r\nTraceback (most recent call last):\r\n  File \"resource://gre/modules/commonjs/sdk/addon/runner.js\", line 115, in startup/\u003c\r\n    run(options);\r\n  File \"resource://gre/modules/commonjs/sdk/addon/runner.js\", line 172, in run\r\n    let program \u003d main(options.loader, options.main);\r\n  File \"resource://gre/modules/commonjs/toolkit/loader.js\", line 659, in main\r\n    return loader.load(loader, module).exports;\r\n  File \"resource://gre/modules/commonjs/sdk/loader/cuddlefish.js\", line 129, in CuddlefishLoader/options\u003c.load\r\n    result \u003d load(loader, module);\r\n  File \"resource://gre/modules/commonjs/toolkit/loader.js\", line 313, in load\r\n    evaluate(sandbox, module.uri);\r\n  File \"resource://gre/modules/commonjs/toolkit/loader.js\", line 262, in evaluate\r\n    : loadSubScript(uri, sandbox, encoding);\r\n  File \"resource://skype_ff_extension-at-jetpack/skype_ff_extension/lib/main.js\", line 14, in null\r\n    var widgets \u003d require(\"sdk/widget\");\r\n  File \"resource://gre/modules/commonjs/toolkit/loader.js\", line 633, in require\r\n    freeze(load(loader, module));\r\n  File \"resource://gre/modules/commonjs/sdk/loader/cuddlefish.js\", line 129, in CuddlefishLoader/options\u003c.load\r\n    result \u003d load(loader, module);\r\n  File \"resource://gre/modules/commonjs/toolkit/loader.js\", line 313, in load\r\n    evaluate(sandbox, module.uri);\r\n  File \"resource://gre/modules/commonjs/toolkit/loader.js\", line 262, in evaluate\r\n    : loadSubScript(uri, sandbox, encoding);\r\n  File \"resource://gre/modules/commonjs/sdk/widget.js\", line 59, in null\r\n    require(\"./util/deprecate\").deprecateUsage(\r\n  File \"resource://gre/modules/commonjs/sdk/util/deprecate.js\", line 18, in deprecateUsage\r\n    let stack \u003d get().slice(2);\r\nJavaScript error: resource://skype_ff_extension-at-jetpack/skype_ff_extension/data/c2c_options_menu_localization.js, line 189: document.getElementById(...) is null\r\n\nBuild info: version: \u00272.41.0\u0027, revision: \u00273192d8a6c4449dc285928ba024779344f5423c58\u0027, time: \u00272014-03-27 11:29:39\u0027\nSystem info: host: \u0027shiva-PC\u0027, ip: \u0027192.168.0.3\u0027, os.name: \u0027Windows 7\u0027, os.arch: \u0027x86\u0027, os.version: \u00276.1\u0027, java.version: \u00271.6.0_24\u0027\nDriver info: driver.version: FirefoxDriver\r\n\tat org.openqa.selenium.firefox.internal.NewProfileExtensionConnection.start(NewProfileExtensionConnection.java:130)\r\n\tat org.openqa.selenium.firefox.FirefoxDriver.startClient(FirefoxDriver.java:246)\r\n\tat org.openqa.selenium.remote.RemoteWebDriver.\u003cinit\u003e(RemoteWebDriver.java:114)\r\n\tat org.openqa.selenium.firefox.FirefoxDriver.\u003cinit\u003e(FirefoxDriver.java:191)\r\n\tat org.openqa.selenium.firefox.FirefoxDriver.\u003cinit\u003e(FirefoxDriver.java:186)\r\n\tat org.openqa.selenium.firefox.FirefoxDriver.\u003cinit\u003e(FirefoxDriver.java:182)\r\n\tat org.openqa.selenium.firefox.FirefoxDriver.\u003cinit\u003e(FirefoxDriver.java:95)\r\n\tat org.unibet.automation.core.WebDriverFactory.getDriverInstance(WebDriverFactory.java:55)\r\n\tat org.unibet.automation.core.WebDriverFactory.getObject(WebDriverFactory.java:42)\r\n\tat org.unibet.automation.core.WebDriverFactory.getObject(WebDriverFactory.java:10)\r\n\tat sun.reflect.NativeMethodAccessorImpl.invoke0(Native Method)\r\n\tat sun.reflect.NativeMethodAccessorImpl.invoke(NativeMethodAccessorImpl.java:39)\r\n\tat sun.reflect.DelegatingMethodAccessorImpl.invoke(DelegatingMethodAccessorImpl.java:25)\r\n\tat java.lang.reflect.Method.invoke(Method.java:597)\r\n\tat org.springframework.beans.factory.support.SimpleInstantiationStrategy.instantiate(SimpleInstantiationStrategy.java:149)\r\n\t... 69 more\r\nCaused by: org.openqa.selenium.firefox.NotConnectedException: Unable to connect to host 127.0.0.1 on port 7055 after 45000 ms. Firefox console output:\ni\tDEBUG\tSkipping unavailable install location app-system-local\r\n1416186515475\taddons.xpi\tDEBUG\tSkipping unavailable install location app-system-share\r\n1416186515478\taddons.xpi\tINFO\tMapping {82AF8DCA-6DE9-405D-BD5E-43525BDAD38A} to C:\\Program Files (x86)\\Mozilla Firefox\\browser\\extensions\\{82AF8DCA-6DE9-405D-BD5E-43525BDAD38A}.xpi\r\n1416186515479\taddons.xpi\tINFO\tMapping {972ce4c6-7e08-4474-a285-3208198ce6fd} to C:\\Program Files (x86)\\Mozilla Firefox\\browser\\extensions\\{972ce4c6-7e08-4474-a285-3208198ce6fd}\r\n1416186515480\taddons.xpi\tINFO\tMapping {e4f94d1e-2f53-401e-8885-681602c0ddd8} to C:\\ProgramData\\McAfee Security Scan\\Extensions\\{e4f94d1e-2f53-401e-8885-681602c0ddd8}.xpi\r\n1416186515483\taddons.xpi\tINFO\tMapping fxdriver@googlecode.com to C:\\Users\\shiva\\AppData\\Local\\Temp\\anonymous2461940271479824677webdriver-profile\\extensions\\fxdriver@googlecode.com\r\n1416186515484\taddons.xpi\tDEBUG\tIgnoring file entry whose name is not a valid add-on ID: C:\\Users\\shiva\\AppData\\Local\\Temp\\anonymous2461940271479824677webdriver-profile\\extensions\\webdriver-staging\r\n1416186515486\taddons.xpi\tDEBUG\tcheckForChanges\r\n1416186515556\taddons.xpi\tDEBUG\tNo changes found\r\n1416186515568\taddons.xpi\tDEBUG\tRegistering manifest for C:\\Program Files (x86)\\Mozilla Firefox\\browser\\extensions\\{82AF8DCA-6DE9-405D-BD5E-43525BDAD38A}.xpi\r\n1416186515569\taddons.xpi\tDEBUG\tLoading bootstrap scope from C:\\Program Files (x86)\\Mozilla Firefox\\browser\\extensions\\{82AF8DCA-6DE9-405D-BD5E-43525BDAD38A}.xpi\r\n1416186515589\taddons.xpi\tDEBUG\tCalling bootstrap method startup on {82AF8DCA-6DE9-405D-BD5E-43525BDAD38A} version 7.3.16540.9015\r\n1416186515720\taddons.manager\tDEBUG\tRegistering shutdown blocker for XPIProvider\r\n1416186515722\taddons.manager\tDEBUG\tRegistering shutdown blocker for LightweightThemeManager\r\n1416186515727\taddons.manager\tDEBUG\tRegistering shutdown blocker for OpenH264Provider\r\n1416186515728\taddons.manager\tDEBUG\tRegistering shutdown blocker for PluginProvider\r\n*** Blocklist::_preloadBlocklistFile: blocklist is disabled\r\n1416186519915\taddons.manager\tDEBUG\tRegistering shutdown blocker for \u003cunnamed-provider\u003e\r\nconsole.error: skype_ff_extension: \r\n  DEPRECATED: The widget module is deprecated.  Please consider using the sdk/ui module instead.\r\nTraceback (most recent call last):\r\n  File \"resource://gre/modules/commonjs/sdk/addon/runner.js\", line 115, in startup/\u003c\r\n    run(options);\r\n  File \"resource://gre/modules/commonjs/sdk/addon/runner.js\", line 172, in run\r\n    let program \u003d main(options.loader, options.main);\r\n  File \"resource://gre/modules/commonjs/toolkit/loader.js\", line 659, in main\r\n    return loader.load(loader, module).exports;\r\n  File \"resource://gre/modules/commonjs/sdk/loader/cuddlefish.js\", line 129, in CuddlefishLoader/options\u003c.load\r\n    result \u003d load(loader, module);\r\n  File \"resource://gre/modules/commonjs/toolkit/loader.js\", line 313, in load\r\n    evaluate(sandbox, module.uri);\r\n  File \"resource://gre/modules/commonjs/toolkit/loader.js\", line 262, in evaluate\r\n    : loadSubScript(uri, sandbox, encoding);\r\n  File \"resource://skype_ff_extension-at-jetpack/skype_ff_extension/lib/main.js\", line 14, in null\r\n    var widgets \u003d require(\"sdk/widget\");\r\n  File \"resource://gre/modules/commonjs/toolkit/loader.js\", line 633, in require\r\n    freeze(load(loader, module));\r\n  File \"resource://gre/modules/commonjs/sdk/loader/cuddlefish.js\", line 129, in CuddlefishLoader/options\u003c.load\r\n    result \u003d load(loader, module);\r\n  File \"resource://gre/modules/commonjs/toolkit/loader.js\", line 313, in load\r\n    evaluate(sandbox, module.uri);\r\n  File \"resource://gre/modules/commonjs/toolkit/loader.js\", line 262, in evaluate\r\n    : loadSubScript(uri, sandbox, encoding);\r\n  File \"resource://gre/modules/commonjs/sdk/widget.js\", line 59, in null\r\n    require(\"./util/deprecate\").deprecateUsage(\r\n  File \"resource://gre/modules/commonjs/sdk/util/deprecate.js\", line 18, in deprecateUsage\r\n    let stack \u003d get().slice(2);\r\nJavaScript error: resource://skype_ff_extension-at-jetpack/skype_ff_extension/data/c2c_options_menu_localization.js, line 189: document.getElementById(...) is null\r\n\r\n\tat org.openqa.selenium.firefox.internal.NewProfileExtensionConnection.start(NewProfileExtensionConnection.java:118)\r\n\t... 83 more\r\n"
            },
            "name": "User on UniBet Page",
            "keyword": "Given ",
            "line": 5,
            "match": {
              "location": "SearchSteps.User_on_UniBet_Page()"
            }
          }
        ],
        "type": "background"
      },
      {
        "id": "search-functionality;search-with-special-and-numbers-with-no-results-found-in-unibet;;2",
        "tags": [
          {
            "name": "@search",
            "line": 1
          }
        ],
        "description": "",
        "name": "Search with special and numbers with no results found in UniBet",
        "keyword": "Scenario Outline",
        "line": 20,
        "steps": [
          {
            "name": "Search with \"?$%^\u0026*(\" term",
            "keyword": "When ",
            "line": 16,
            "matchedColumns": [
              0
            ]
          },
          {
            "result": {
              "status": "skipped"
            },
            "name": "No results should be displayed",
            "keyword": "Then ",
            "line": 17,
            "match": {
              "location": "SearchSteps.No_results_should_be_displayed()"
            }
          }
        ],
        "type": "scenario"
      },
      {
        "description": "",
        "name": "User should be on UniBet home page",
        "keyword": "Background",
        "line": 4,
        "steps": [
          {
            "result": {
              "duration": 51715703866,
              "status": "failed",
              "error_message": "org.springframework.beans.factory.BeanCreationException: Error creating bean with name \u0027webDriver\u0027 defined in class path resource [application-context.xml]: Instantiation of bean failed; nested exception is org.springframework.beans.factory.BeanDefinitionStoreException: Factory method [public java.lang.Object org.unibet.automation.core.WebDriverFactory.getObject() throws java.lang.Exception] threw exception; nested exception is org.openqa.selenium.WebDriverException: Failed to connect to binary FirefoxBinary(C:\\Program Files (x86)\\Mozilla Firefox\\firefox.exe) on port 7055; process output follows: \ni\tDEBUG\tSkipping unavailable install location app-system-local\r\n1416186567875\taddons.xpi\tDEBUG\tSkipping unavailable install location app-system-share\r\n1416186567878\taddons.xpi\tINFO\tMapping {82AF8DCA-6DE9-405D-BD5E-43525BDAD38A} to C:\\Program Files (x86)\\Mozilla Firefox\\browser\\extensions\\{82AF8DCA-6DE9-405D-BD5E-43525BDAD38A}.xpi\r\n1416186567878\taddons.xpi\tINFO\tMapping {972ce4c6-7e08-4474-a285-3208198ce6fd} to C:\\Program Files (x86)\\Mozilla Firefox\\browser\\extensions\\{972ce4c6-7e08-4474-a285-3208198ce6fd}\r\n1416186567879\taddons.xpi\tINFO\tMapping {e4f94d1e-2f53-401e-8885-681602c0ddd8} to C:\\ProgramData\\McAfee Security Scan\\Extensions\\{e4f94d1e-2f53-401e-8885-681602c0ddd8}.xpi\r\n1416186567882\taddons.xpi\tINFO\tMapping fxdriver@googlecode.com to C:\\Users\\shiva\\AppData\\Local\\Temp\\anonymous1855460232289248867webdriver-profile\\extensions\\fxdriver@googlecode.com\r\n1416186567883\taddons.xpi\tDEBUG\tIgnoring file entry whose name is not a valid add-on ID: C:\\Users\\shiva\\AppData\\Local\\Temp\\anonymous1855460232289248867webdriver-profile\\extensions\\webdriver-staging\r\n1416186567884\taddons.xpi\tDEBUG\tcheckForChanges\r\n1416186567945\taddons.xpi\tDEBUG\tNo changes found\r\n1416186567956\taddons.xpi\tDEBUG\tRegistering manifest for C:\\Program Files (x86)\\Mozilla Firefox\\browser\\extensions\\{82AF8DCA-6DE9-405D-BD5E-43525BDAD38A}.xpi\r\n1416186567957\taddons.xpi\tDEBUG\tLoading bootstrap scope from C:\\Program Files (x86)\\Mozilla Firefox\\browser\\extensions\\{82AF8DCA-6DE9-405D-BD5E-43525BDAD38A}.xpi\r\n1416186567975\taddons.xpi\tDEBUG\tCalling bootstrap method startup on {82AF8DCA-6DE9-405D-BD5E-43525BDAD38A} version 7.3.16540.9015\r\n1416186568102\taddons.manager\tDEBUG\tRegistering shutdown blocker for XPIProvider\r\n1416186568105\taddons.manager\tDEBUG\tRegistering shutdown blocker for LightweightThemeManager\r\n1416186568109\taddons.manager\tDEBUG\tRegistering shutdown blocker for OpenH264Provider\r\n1416186568111\taddons.manager\tDEBUG\tRegistering shutdown blocker for PluginProvider\r\n*** Blocklist::_preloadBlocklistFile: blocklist is disabled\r\n1416186572645\taddons.manager\tDEBUG\tRegistering shutdown blocker for \u003cunnamed-provider\u003e\r\nconsole.error: skype_ff_extension: \r\n  DEPRECATED: The widget module is deprecated.  Please consider using the sdk/ui module instead.\r\nTraceback (most recent call last):\r\n  File \"resource://gre/modules/commonjs/sdk/addon/runner.js\", line 115, in startup/\u003c\r\n    run(options);\r\n  File \"resource://gre/modules/commonjs/sdk/addon/runner.js\", line 172, in run\r\n    let program \u003d main(options.loader, options.main);\r\n  File \"resource://gre/modules/commonjs/toolkit/loader.js\", line 659, in main\r\n    return loader.load(loader, module).exports;\r\n  File \"resource://gre/modules/commonjs/sdk/loader/cuddlefish.js\", line 129, in CuddlefishLoader/options\u003c.load\r\n    result \u003d load(loader, module);\r\n  File \"resource://gre/modules/commonjs/toolkit/loader.js\", line 313, in load\r\n    evaluate(sandbox, module.uri);\r\n  File \"resource://gre/modules/commonjs/toolkit/loader.js\", line 262, in evaluate\r\n    : loadSubScript(uri, sandbox, encoding);\r\n  File \"resource://skype_ff_extension-at-jetpack/skype_ff_extension/lib/main.js\", line 14, in null\r\n    var widgets \u003d require(\"sdk/widget\");\r\n  File \"resource://gre/modules/commonjs/toolkit/loader.js\", line 633, in require\r\n    freeze(load(loader, module));\r\n  File \"resource://gre/modules/commonjs/sdk/loader/cuddlefish.js\", line 129, in CuddlefishLoader/options\u003c.load\r\n    result \u003d load(loader, module);\r\n  File \"resource://gre/modules/commonjs/toolkit/loader.js\", line 313, in load\r\n    evaluate(sandbox, module.uri);\r\n  File \"resource://gre/modules/commonjs/toolkit/loader.js\", line 262, in evaluate\r\n    : loadSubScript(uri, sandbox, encoding);\r\n  File \"resource://gre/modules/commonjs/sdk/widget.js\", line 59, in null\r\n    require(\"./util/deprecate\").deprecateUsage(\r\n  File \"resource://gre/modules/commonjs/sdk/util/deprecate.js\", line 18, in deprecateUsage\r\n    let stack \u003d get().slice(2);\r\nJavaScript error: resource://skype_ff_extension-at-jetpack/skype_ff_extension/data/c2c_options_menu_localization.js, line 189: document.getElementById(...) is null\r\n\nBuild info: version: \u00272.41.0\u0027, revision: \u00273192d8a6c4449dc285928ba024779344f5423c58\u0027, time: \u00272014-03-27 11:29:39\u0027\nSystem info: host: \u0027shiva-PC\u0027, ip: \u0027192.168.0.3\u0027, os.name: \u0027Windows 7\u0027, os.arch: \u0027x86\u0027, os.version: \u00276.1\u0027, java.version: \u00271.6.0_24\u0027\nDriver info: driver.version: FirefoxDriver\r\n\tat org.springframework.beans.factory.support.ConstructorResolver.instantiateUsingFactoryMethod(ConstructorResolver.java:581)\r\n\tat org.springframework.beans.factory.support.AbstractAutowireCapableBeanFactory.instantiateUsingFactoryMethod(AbstractAutowireCapableBeanFactory.java:1015)\r\n\tat org.springframework.beans.factory.support.AbstractAutowireCapableBeanFactory.createBeanInstance(AbstractAutowireCapableBeanFactory.java:911)\r\n\tat org.springframework.beans.factory.support.AbstractAutowireCapableBeanFactory.doCreateBean(AbstractAutowireCapableBeanFactory.java:485)\r\n\tat org.springframework.beans.factory.support.AbstractAutowireCapableBeanFactory.createBean(AbstractAutowireCapableBeanFactory.java:456)\r\n\tat org.springframework.beans.factory.support.AbstractBeanFactory.doGetBean(AbstractBeanFactory.java:313)\r\n\tat org.springframework.beans.factory.support.AbstractBeanFactory.getBean(AbstractBeanFactory.java:193)\r\n\tat org.springframework.context.support.AbstractApplicationContext.getBean(AbstractApplicationContext.java:1093)\r\n\tat org.unibet.automation.tests.AbstractTest.getSeleniumDriver(AbstractTest.java:31)\r\n\tat org.unibet.automation.tests.SearchSteps.User_on_UniBet_Page(SearchSteps.java:21)\r\n\tat ?.Given User on UniBet Page(org\\unibet\\automation\\tests\\UniBetSearch.feature:5)\r\nCaused by: org.springframework.beans.factory.BeanDefinitionStoreException: Factory method [public java.lang.Object org.unibet.automation.core.WebDriverFactory.getObject() throws java.lang.Exception] threw exception; nested exception is org.openqa.selenium.WebDriverException: Failed to connect to binary FirefoxBinary(C:\\Program Files (x86)\\Mozilla Firefox\\firefox.exe) on port 7055; process output follows: \ni\tDEBUG\tSkipping unavailable install location app-system-local\r\n1416186567875\taddons.xpi\tDEBUG\tSkipping unavailable install location app-system-share\r\n1416186567878\taddons.xpi\tINFO\tMapping {82AF8DCA-6DE9-405D-BD5E-43525BDAD38A} to C:\\Program Files (x86)\\Mozilla Firefox\\browser\\extensions\\{82AF8DCA-6DE9-405D-BD5E-43525BDAD38A}.xpi\r\n1416186567878\taddons.xpi\tINFO\tMapping {972ce4c6-7e08-4474-a285-3208198ce6fd} to C:\\Program Files (x86)\\Mozilla Firefox\\browser\\extensions\\{972ce4c6-7e08-4474-a285-3208198ce6fd}\r\n1416186567879\taddons.xpi\tINFO\tMapping {e4f94d1e-2f53-401e-8885-681602c0ddd8} to C:\\ProgramData\\McAfee Security Scan\\Extensions\\{e4f94d1e-2f53-401e-8885-681602c0ddd8}.xpi\r\n1416186567882\taddons.xpi\tINFO\tMapping fxdriver@googlecode.com to C:\\Users\\shiva\\AppData\\Local\\Temp\\anonymous1855460232289248867webdriver-profile\\extensions\\fxdriver@googlecode.com\r\n1416186567883\taddons.xpi\tDEBUG\tIgnoring file entry whose name is not a valid add-on ID: C:\\Users\\shiva\\AppData\\Local\\Temp\\anonymous1855460232289248867webdriver-profile\\extensions\\webdriver-staging\r\n1416186567884\taddons.xpi\tDEBUG\tcheckForChanges\r\n1416186567945\taddons.xpi\tDEBUG\tNo changes found\r\n1416186567956\taddons.xpi\tDEBUG\tRegistering manifest for C:\\Program Files (x86)\\Mozilla Firefox\\browser\\extensions\\{82AF8DCA-6DE9-405D-BD5E-43525BDAD38A}.xpi\r\n1416186567957\taddons.xpi\tDEBUG\tLoading bootstrap scope from C:\\Program Files (x86)\\Mozilla Firefox\\browser\\extensions\\{82AF8DCA-6DE9-405D-BD5E-43525BDAD38A}.xpi\r\n1416186567975\taddons.xpi\tDEBUG\tCalling bootstrap method startup on {82AF8DCA-6DE9-405D-BD5E-43525BDAD38A} version 7.3.16540.9015\r\n1416186568102\taddons.manager\tDEBUG\tRegistering shutdown blocker for XPIProvider\r\n1416186568105\taddons.manager\tDEBUG\tRegistering shutdown blocker for LightweightThemeManager\r\n1416186568109\taddons.manager\tDEBUG\tRegistering shutdown blocker for OpenH264Provider\r\n1416186568111\taddons.manager\tDEBUG\tRegistering shutdown blocker for PluginProvider\r\n*** Blocklist::_preloadBlocklistFile: blocklist is disabled\r\n1416186572645\taddons.manager\tDEBUG\tRegistering shutdown blocker for \u003cunnamed-provider\u003e\r\nconsole.error: skype_ff_extension: \r\n  DEPRECATED: The widget module is deprecated.  Please consider using the sdk/ui module instead.\r\nTraceback (most recent call last):\r\n  File \"resource://gre/modules/commonjs/sdk/addon/runner.js\", line 115, in startup/\u003c\r\n    run(options);\r\n  File \"resource://gre/modules/commonjs/sdk/addon/runner.js\", line 172, in run\r\n    let program \u003d main(options.loader, options.main);\r\n  File \"resource://gre/modules/commonjs/toolkit/loader.js\", line 659, in main\r\n    return loader.load(loader, module).exports;\r\n  File \"resource://gre/modules/commonjs/sdk/loader/cuddlefish.js\", line 129, in CuddlefishLoader/options\u003c.load\r\n    result \u003d load(loader, module);\r\n  File \"resource://gre/modules/commonjs/toolkit/loader.js\", line 313, in load\r\n    evaluate(sandbox, module.uri);\r\n  File \"resource://gre/modules/commonjs/toolkit/loader.js\", line 262, in evaluate\r\n    : loadSubScript(uri, sandbox, encoding);\r\n  File \"resource://skype_ff_extension-at-jetpack/skype_ff_extension/lib/main.js\", line 14, in null\r\n    var widgets \u003d require(\"sdk/widget\");\r\n  File \"resource://gre/modules/commonjs/toolkit/loader.js\", line 633, in require\r\n    freeze(load(loader, module));\r\n  File \"resource://gre/modules/commonjs/sdk/loader/cuddlefish.js\", line 129, in CuddlefishLoader/options\u003c.load\r\n    result \u003d load(loader, module);\r\n  File \"resource://gre/modules/commonjs/toolkit/loader.js\", line 313, in load\r\n    evaluate(sandbox, module.uri);\r\n  File \"resource://gre/modules/commonjs/toolkit/loader.js\", line 262, in evaluate\r\n    : loadSubScript(uri, sandbox, encoding);\r\n  File \"resource://gre/modules/commonjs/sdk/widget.js\", line 59, in null\r\n    require(\"./util/deprecate\").deprecateUsage(\r\n  File \"resource://gre/modules/commonjs/sdk/util/deprecate.js\", line 18, in deprecateUsage\r\n    let stack \u003d get().slice(2);\r\nJavaScript error: resource://skype_ff_extension-at-jetpack/skype_ff_extension/data/c2c_options_menu_localization.js, line 189: document.getElementById(...) is null\r\n\nBuild info: version: \u00272.41.0\u0027, revision: \u00273192d8a6c4449dc285928ba024779344f5423c58\u0027, time: \u00272014-03-27 11:29:39\u0027\nSystem info: host: \u0027shiva-PC\u0027, ip: \u0027192.168.0.3\u0027, os.name: \u0027Windows 7\u0027, os.arch: \u0027x86\u0027, os.version: \u00276.1\u0027, java.version: \u00271.6.0_24\u0027\nDriver info: driver.version: FirefoxDriver\r\n\tat org.springframework.beans.factory.support.SimpleInstantiationStrategy.instantiate(SimpleInstantiationStrategy.java:169)\r\n\tat org.springframework.beans.factory.support.ConstructorResolver.instantiateUsingFactoryMethod(ConstructorResolver.java:570)\r\n\tat org.springframework.beans.factory.support.AbstractAutowireCapableBeanFactory.instantiateUsingFactoryMethod(AbstractAutowireCapableBeanFactory.java:1015)\r\n\tat org.springframework.beans.factory.support.AbstractAutowireCapableBeanFactory.createBeanInstance(AbstractAutowireCapableBeanFactory.java:911)\r\n\tat org.springframework.beans.factory.support.AbstractAutowireCapableBeanFactory.doCreateBean(AbstractAutowireCapableBeanFactory.java:485)\r\n\tat org.springframework.beans.factory.support.AbstractAutowireCapableBeanFactory.createBean(AbstractAutowireCapableBeanFactory.java:456)\r\n\tat org.springframework.beans.factory.support.AbstractBeanFactory.doGetBean(AbstractBeanFactory.java:313)\r\n\tat org.springframework.beans.factory.support.AbstractBeanFactory.getBean(AbstractBeanFactory.java:193)\r\n\tat org.springframework.context.support.AbstractApplicationContext.getBean(AbstractApplicationContext.java:1093)\r\n\tat org.unibet.automation.tests.AbstractTest.getSeleniumDriver(AbstractTest.java:31)\r\n\tat org.unibet.automation.tests.SearchSteps.User_on_UniBet_Page(SearchSteps.java:21)\r\n\tat sun.reflect.NativeMethodAccessorImpl.invoke0(Native Method)\r\n\tat sun.reflect.NativeMethodAccessorImpl.invoke(NativeMethodAccessorImpl.java:39)\r\n\tat sun.reflect.DelegatingMethodAccessorImpl.invoke(DelegatingMethodAccessorImpl.java:25)\r\n\tat java.lang.reflect.Method.invoke(Method.java:597)\r\n\tat cucumber.runtime.Utils$1.call(Utils.java:40)\r\n\tat cucumber.runtime.Timeout.timeout(Timeout.java:12)\r\n\tat cucumber.runtime.Utils.invoke(Utils.java:36)\r\n\tat cucumber.runtime.java.JavaStepDefinition.execute(JavaStepDefinition.java:35)\r\n\tat cucumber.runtime.StepDefinitionMatch.runStep(StepDefinitionMatch.java:38)\r\n\tat cucumber.runtime.Runtime.runStep(Runtime.java:267)\r\n\tat cucumber.runtime.model.StepContainer.runStep(StepContainer.java:44)\r\n\tat cucumber.runtime.model.StepContainer.runSteps(StepContainer.java:39)\r\n\tat cucumber.runtime.model.CucumberScenario.runBackground(CucumberScenario.java:45)\r\n\tat cucumber.runtime.model.CucumberScenario.run(CucumberScenario.java:34)\r\n\tat cucumber.junit.ExecutionUnitRunner.run(ExecutionUnitRunner.java:76)\r\n\tat org.junit.runners.Suite.runChild(Suite.java:128)\r\n\tat org.junit.runners.Suite.runChild(Suite.java:24)\r\n\tat org.junit.runners.ParentRunner$3.run(ParentRunner.java:231)\r\n\tat org.junit.runners.ParentRunner$1.schedule(ParentRunner.java:60)\r\n\tat org.junit.runners.ParentRunner.runChildren(ParentRunner.java:229)\r\n\tat org.junit.runners.ParentRunner.access$000(ParentRunner.java:50)\r\n\tat org.junit.runners.ParentRunner$2.evaluate(ParentRunner.java:222)\r\n\tat org.junit.runners.ParentRunner.run(ParentRunner.java:300)\r\n\tat org.junit.runners.Suite.runChild(Suite.java:128)\r\n\tat org.junit.runners.Suite.runChild(Suite.java:24)\r\n\tat org.junit.runners.ParentRunner$3.run(ParentRunner.java:231)\r\n\tat org.junit.runners.ParentRunner$1.schedule(ParentRunner.java:60)\r\n\tat org.junit.runners.ParentRunner.runChildren(ParentRunner.java:229)\r\n\tat org.junit.runners.ParentRunner.access$000(ParentRunner.java:50)\r\n\tat org.junit.runners.ParentRunner$2.evaluate(ParentRunner.java:222)\r\n\tat org.junit.runners.ParentRunner.run(ParentRunner.java:300)\r\n\tat cucumber.junit.FeatureRunner.runChild(FeatureRunner.java:65)\r\n\tat cucumber.junit.FeatureRunner.runChild(FeatureRunner.java:20)\r\n\tat org.junit.runners.ParentRunner$3.run(ParentRunner.java:231)\r\n\tat org.junit.runners.ParentRunner$1.schedule(ParentRunner.java:60)\r\n\tat org.junit.runners.ParentRunner.runChildren(ParentRunner.java:229)\r\n\tat org.junit.runners.ParentRunner.access$000(ParentRunner.java:50)\r\n\tat org.junit.runners.ParentRunner$2.evaluate(ParentRunner.java:222)\r\n\tat org.junit.runners.ParentRunner.run(ParentRunner.java:300)\r\n\tat cucumber.junit.FeatureRunner.run(FeatureRunner.java:72)\r\n\tat cucumber.junit.Cucumber.runChild(Cucumber.java:76)\r\n\tat cucumber.junit.Cucumber.runChild(Cucumber.java:36)\r\n\tat org.junit.runners.ParentRunner$3.run(ParentRunner.java:231)\r\n\tat org.junit.runners.ParentRunner$1.schedule(ParentRunner.java:60)\r\n\tat org.junit.runners.ParentRunner.runChildren(ParentRunner.java:229)\r\n\tat org.junit.runners.ParentRunner.access$000(ParentRunner.java:50)\r\n\tat org.junit.runners.ParentRunner$2.evaluate(ParentRunner.java:222)\r\n\tat org.junit.runners.ParentRunner.run(ParentRunner.java:300)\r\n\tat cucumber.junit.Cucumber.run(Cucumber.java:81)\r\n\tat org.apache.maven.surefire.junit4.JUnit4TestSet.execute(JUnit4TestSet.java:59)\r\n\tat org.apache.maven.surefire.suite.AbstractDirectoryTestSuite.executeTestSet(AbstractDirectoryTestSuite.java:115)\r\n\tat org.apache.maven.surefire.suite.AbstractDirectoryTestSuite.execute(AbstractDirectoryTestSuite.java:102)\r\n\tat org.apache.maven.surefire.Surefire.run(Surefire.java:180)\r\n\tat sun.reflect.NativeMethodAccessorImpl.invoke0(Native Method)\r\n\tat sun.reflect.NativeMethodAccessorImpl.invoke(NativeMethodAccessorImpl.java:39)\r\n\tat sun.reflect.DelegatingMethodAccessorImpl.invoke(DelegatingMethodAccessorImpl.java:25)\r\n\tat java.lang.reflect.Method.invoke(Method.java:597)\r\n\tat org.apache.maven.surefire.booter.SurefireBooter.runSuitesInProcess(SurefireBooter.java:350)\r\n\tat org.apache.maven.surefire.booter.SurefireBooter.main(SurefireBooter.java:1021)\r\nCaused by: org.openqa.selenium.WebDriverException: Failed to connect to binary FirefoxBinary(C:\\Program Files (x86)\\Mozilla Firefox\\firefox.exe) on port 7055; process output follows: \ni\tDEBUG\tSkipping unavailable install location app-system-local\r\n1416186567875\taddons.xpi\tDEBUG\tSkipping unavailable install location app-system-share\r\n1416186567878\taddons.xpi\tINFO\tMapping {82AF8DCA-6DE9-405D-BD5E-43525BDAD38A} to C:\\Program Files (x86)\\Mozilla Firefox\\browser\\extensions\\{82AF8DCA-6DE9-405D-BD5E-43525BDAD38A}.xpi\r\n1416186567878\taddons.xpi\tINFO\tMapping {972ce4c6-7e08-4474-a285-3208198ce6fd} to C:\\Program Files (x86)\\Mozilla Firefox\\browser\\extensions\\{972ce4c6-7e08-4474-a285-3208198ce6fd}\r\n1416186567879\taddons.xpi\tINFO\tMapping {e4f94d1e-2f53-401e-8885-681602c0ddd8} to C:\\ProgramData\\McAfee Security Scan\\Extensions\\{e4f94d1e-2f53-401e-8885-681602c0ddd8}.xpi\r\n1416186567882\taddons.xpi\tINFO\tMapping fxdriver@googlecode.com to C:\\Users\\shiva\\AppData\\Local\\Temp\\anonymous1855460232289248867webdriver-profile\\extensions\\fxdriver@googlecode.com\r\n1416186567883\taddons.xpi\tDEBUG\tIgnoring file entry whose name is not a valid add-on ID: C:\\Users\\shiva\\AppData\\Local\\Temp\\anonymous1855460232289248867webdriver-profile\\extensions\\webdriver-staging\r\n1416186567884\taddons.xpi\tDEBUG\tcheckForChanges\r\n1416186567945\taddons.xpi\tDEBUG\tNo changes found\r\n1416186567956\taddons.xpi\tDEBUG\tRegistering manifest for C:\\Program Files (x86)\\Mozilla Firefox\\browser\\extensions\\{82AF8DCA-6DE9-405D-BD5E-43525BDAD38A}.xpi\r\n1416186567957\taddons.xpi\tDEBUG\tLoading bootstrap scope from C:\\Program Files (x86)\\Mozilla Firefox\\browser\\extensions\\{82AF8DCA-6DE9-405D-BD5E-43525BDAD38A}.xpi\r\n1416186567975\taddons.xpi\tDEBUG\tCalling bootstrap method startup on {82AF8DCA-6DE9-405D-BD5E-43525BDAD38A} version 7.3.16540.9015\r\n1416186568102\taddons.manager\tDEBUG\tRegistering shutdown blocker for XPIProvider\r\n1416186568105\taddons.manager\tDEBUG\tRegistering shutdown blocker for LightweightThemeManager\r\n1416186568109\taddons.manager\tDEBUG\tRegistering shutdown blocker for OpenH264Provider\r\n1416186568111\taddons.manager\tDEBUG\tRegistering shutdown blocker for PluginProvider\r\n*** Blocklist::_preloadBlocklistFile: blocklist is disabled\r\n1416186572645\taddons.manager\tDEBUG\tRegistering shutdown blocker for \u003cunnamed-provider\u003e\r\nconsole.error: skype_ff_extension: \r\n  DEPRECATED: The widget module is deprecated.  Please consider using the sdk/ui module instead.\r\nTraceback (most recent call last):\r\n  File \"resource://gre/modules/commonjs/sdk/addon/runner.js\", line 115, in startup/\u003c\r\n    run(options);\r\n  File \"resource://gre/modules/commonjs/sdk/addon/runner.js\", line 172, in run\r\n    let program \u003d main(options.loader, options.main);\r\n  File \"resource://gre/modules/commonjs/toolkit/loader.js\", line 659, in main\r\n    return loader.load(loader, module).exports;\r\n  File \"resource://gre/modules/commonjs/sdk/loader/cuddlefish.js\", line 129, in CuddlefishLoader/options\u003c.load\r\n    result \u003d load(loader, module);\r\n  File \"resource://gre/modules/commonjs/toolkit/loader.js\", line 313, in load\r\n    evaluate(sandbox, module.uri);\r\n  File \"resource://gre/modules/commonjs/toolkit/loader.js\", line 262, in evaluate\r\n    : loadSubScript(uri, sandbox, encoding);\r\n  File \"resource://skype_ff_extension-at-jetpack/skype_ff_extension/lib/main.js\", line 14, in null\r\n    var widgets \u003d require(\"sdk/widget\");\r\n  File \"resource://gre/modules/commonjs/toolkit/loader.js\", line 633, in require\r\n    freeze(load(loader, module));\r\n  File \"resource://gre/modules/commonjs/sdk/loader/cuddlefish.js\", line 129, in CuddlefishLoader/options\u003c.load\r\n    result \u003d load(loader, module);\r\n  File \"resource://gre/modules/commonjs/toolkit/loader.js\", line 313, in load\r\n    evaluate(sandbox, module.uri);\r\n  File \"resource://gre/modules/commonjs/toolkit/loader.js\", line 262, in evaluate\r\n    : loadSubScript(uri, sandbox, encoding);\r\n  File \"resource://gre/modules/commonjs/sdk/widget.js\", line 59, in null\r\n    require(\"./util/deprecate\").deprecateUsage(\r\n  File \"resource://gre/modules/commonjs/sdk/util/deprecate.js\", line 18, in deprecateUsage\r\n    let stack \u003d get().slice(2);\r\nJavaScript error: resource://skype_ff_extension-at-jetpack/skype_ff_extension/data/c2c_options_menu_localization.js, line 189: document.getElementById(...) is null\r\n\nBuild info: version: \u00272.41.0\u0027, revision: \u00273192d8a6c4449dc285928ba024779344f5423c58\u0027, time: \u00272014-03-27 11:29:39\u0027\nSystem info: host: \u0027shiva-PC\u0027, ip: \u0027192.168.0.3\u0027, os.name: \u0027Windows 7\u0027, os.arch: \u0027x86\u0027, os.version: \u00276.1\u0027, java.version: \u00271.6.0_24\u0027\nDriver info: driver.version: FirefoxDriver\r\n\tat org.openqa.selenium.firefox.internal.NewProfileExtensionConnection.start(NewProfileExtensionConnection.java:130)\r\n\tat org.openqa.selenium.firefox.FirefoxDriver.startClient(FirefoxDriver.java:246)\r\n\tat org.openqa.selenium.remote.RemoteWebDriver.\u003cinit\u003e(RemoteWebDriver.java:114)\r\n\tat org.openqa.selenium.firefox.FirefoxDriver.\u003cinit\u003e(FirefoxDriver.java:191)\r\n\tat org.openqa.selenium.firefox.FirefoxDriver.\u003cinit\u003e(FirefoxDriver.java:186)\r\n\tat org.openqa.selenium.firefox.FirefoxDriver.\u003cinit\u003e(FirefoxDriver.java:182)\r\n\tat org.openqa.selenium.firefox.FirefoxDriver.\u003cinit\u003e(FirefoxDriver.java:95)\r\n\tat org.unibet.automation.core.WebDriverFactory.getDriverInstance(WebDriverFactory.java:55)\r\n\tat org.unibet.automation.core.WebDriverFactory.getObject(WebDriverFactory.java:42)\r\n\tat org.unibet.automation.core.WebDriverFactory.getObject(WebDriverFactory.java:10)\r\n\tat sun.reflect.NativeMethodAccessorImpl.invoke0(Native Method)\r\n\tat sun.reflect.NativeMethodAccessorImpl.invoke(NativeMethodAccessorImpl.java:39)\r\n\tat sun.reflect.DelegatingMethodAccessorImpl.invoke(DelegatingMethodAccessorImpl.java:25)\r\n\tat java.lang.reflect.Method.invoke(Method.java:597)\r\n\tat org.springframework.beans.factory.support.SimpleInstantiationStrategy.instantiate(SimpleInstantiationStrategy.java:149)\r\n\t... 69 more\r\nCaused by: org.openqa.selenium.firefox.NotConnectedException: Unable to connect to host 127.0.0.1 on port 7055 after 45000 ms. Firefox console output:\ni\tDEBUG\tSkipping unavailable install location app-system-local\r\n1416186567875\taddons.xpi\tDEBUG\tSkipping unavailable install location app-system-share\r\n1416186567878\taddons.xpi\tINFO\tMapping {82AF8DCA-6DE9-405D-BD5E-43525BDAD38A} to C:\\Program Files (x86)\\Mozilla Firefox\\browser\\extensions\\{82AF8DCA-6DE9-405D-BD5E-43525BDAD38A}.xpi\r\n1416186567878\taddons.xpi\tINFO\tMapping {972ce4c6-7e08-4474-a285-3208198ce6fd} to C:\\Program Files (x86)\\Mozilla Firefox\\browser\\extensions\\{972ce4c6-7e08-4474-a285-3208198ce6fd}\r\n1416186567879\taddons.xpi\tINFO\tMapping {e4f94d1e-2f53-401e-8885-681602c0ddd8} to C:\\ProgramData\\McAfee Security Scan\\Extensions\\{e4f94d1e-2f53-401e-8885-681602c0ddd8}.xpi\r\n1416186567882\taddons.xpi\tINFO\tMapping fxdriver@googlecode.com to C:\\Users\\shiva\\AppData\\Local\\Temp\\anonymous1855460232289248867webdriver-profile\\extensions\\fxdriver@googlecode.com\r\n1416186567883\taddons.xpi\tDEBUG\tIgnoring file entry whose name is not a valid add-on ID: C:\\Users\\shiva\\AppData\\Local\\Temp\\anonymous1855460232289248867webdriver-profile\\extensions\\webdriver-staging\r\n1416186567884\taddons.xpi\tDEBUG\tcheckForChanges\r\n1416186567945\taddons.xpi\tDEBUG\tNo changes found\r\n1416186567956\taddons.xpi\tDEBUG\tRegistering manifest for C:\\Program Files (x86)\\Mozilla Firefox\\browser\\extensions\\{82AF8DCA-6DE9-405D-BD5E-43525BDAD38A}.xpi\r\n1416186567957\taddons.xpi\tDEBUG\tLoading bootstrap scope from C:\\Program Files (x86)\\Mozilla Firefox\\browser\\extensions\\{82AF8DCA-6DE9-405D-BD5E-43525BDAD38A}.xpi\r\n1416186567975\taddons.xpi\tDEBUG\tCalling bootstrap method startup on {82AF8DCA-6DE9-405D-BD5E-43525BDAD38A} version 7.3.16540.9015\r\n1416186568102\taddons.manager\tDEBUG\tRegistering shutdown blocker for XPIProvider\r\n1416186568105\taddons.manager\tDEBUG\tRegistering shutdown blocker for LightweightThemeManager\r\n1416186568109\taddons.manager\tDEBUG\tRegistering shutdown blocker for OpenH264Provider\r\n1416186568111\taddons.manager\tDEBUG\tRegistering shutdown blocker for PluginProvider\r\n*** Blocklist::_preloadBlocklistFile: blocklist is disabled\r\n1416186572645\taddons.manager\tDEBUG\tRegistering shutdown blocker for \u003cunnamed-provider\u003e\r\nconsole.error: skype_ff_extension: \r\n  DEPRECATED: The widget module is deprecated.  Please consider using the sdk/ui module instead.\r\nTraceback (most recent call last):\r\n  File \"resource://gre/modules/commonjs/sdk/addon/runner.js\", line 115, in startup/\u003c\r\n    run(options);\r\n  File \"resource://gre/modules/commonjs/sdk/addon/runner.js\", line 172, in run\r\n    let program \u003d main(options.loader, options.main);\r\n  File \"resource://gre/modules/commonjs/toolkit/loader.js\", line 659, in main\r\n    return loader.load(loader, module).exports;\r\n  File \"resource://gre/modules/commonjs/sdk/loader/cuddlefish.js\", line 129, in CuddlefishLoader/options\u003c.load\r\n    result \u003d load(loader, module);\r\n  File \"resource://gre/modules/commonjs/toolkit/loader.js\", line 313, in load\r\n    evaluate(sandbox, module.uri);\r\n  File \"resource://gre/modules/commonjs/toolkit/loader.js\", line 262, in evaluate\r\n    : loadSubScript(uri, sandbox, encoding);\r\n  File \"resource://skype_ff_extension-at-jetpack/skype_ff_extension/lib/main.js\", line 14, in null\r\n    var widgets \u003d require(\"sdk/widget\");\r\n  File \"resource://gre/modules/commonjs/toolkit/loader.js\", line 633, in require\r\n    freeze(load(loader, module));\r\n  File \"resource://gre/modules/commonjs/sdk/loader/cuddlefish.js\", line 129, in CuddlefishLoader/options\u003c.load\r\n    result \u003d load(loader, module);\r\n  File \"resource://gre/modules/commonjs/toolkit/loader.js\", line 313, in load\r\n    evaluate(sandbox, module.uri);\r\n  File \"resource://gre/modules/commonjs/toolkit/loader.js\", line 262, in evaluate\r\n    : loadSubScript(uri, sandbox, encoding);\r\n  File \"resource://gre/modules/commonjs/sdk/widget.js\", line 59, in null\r\n    require(\"./util/deprecate\").deprecateUsage(\r\n  File \"resource://gre/modules/commonjs/sdk/util/deprecate.js\", line 18, in deprecateUsage\r\n    let stack \u003d get().slice(2);\r\nJavaScript error: resource://skype_ff_extension-at-jetpack/skype_ff_extension/data/c2c_options_menu_localization.js, line 189: document.getElementById(...) is null\r\n\r\n\tat org.openqa.selenium.firefox.internal.NewProfileExtensionConnection.start(NewProfileExtensionConnection.java:118)\r\n\t... 83 more\r\n"
            },
            "name": "User on UniBet Page",
            "keyword": "Given ",
            "line": 5,
            "match": {
              "location": "SearchSteps.User_on_UniBet_Page()"
            }
          }
        ],
        "type": "background"
      },
      {
        "id": "search-functionality;search-with-special-and-numbers-with-no-results-found-in-unibet;;3",
        "tags": [
          {
            "name": "@search",
            "line": 1
          }
        ],
        "description": "",
        "name": "Search with special and numbers with no results found in UniBet",
        "keyword": "Scenario Outline",
        "line": 21,
        "steps": [
          {
            "name": "Search with \"1234567890\" term",
            "keyword": "When ",
            "line": 16,
            "matchedColumns": [
              0
            ]
          },
          {
            "result": {
              "status": "skipped"
            },
            "name": "No results should be displayed",
            "keyword": "Then ",
            "line": 17,
            "match": {
              "location": "SearchSteps.No_results_should_be_displayed()"
            }
          }
        ],
        "type": "scenario"
      }
    ],
    "uri": "org\\unibet\\automation\\tests\\UniBetSearch.feature"
  }
]